Copyright 1986-2016 Xilinx, Inc. All Rights Reserved.
---------------------------------------------------------------------------------------------------------------------------------------------------------------
| Tool Version : Vivado v.2016.4 (win64) Build 1756540 Mon Jan 23 19:11:23 MST 2017
| Date         : Fri Sep 21 12:20:30 2018
| Host         : Mykho_Laptop running 64-bit major release  (build 9200)
| Command      : report_methodology -file pwm_generator_system_wrapper_methodology_drc_routed.rpt -rpx pwm_generator_system_wrapper_methodology_drc_routed.rpx
| Design       : pwm_generator_system_wrapper
| Device       : xc7z010clg400-1
| Speed File   : -1
| Design State : Routed
---------------------------------------------------------------------------------------------------------------------------------------------------------------

Report Methodology

Table of Contents
-----------------
1. REPORT SUMMARY
2. REPORT DETAILS

1. REPORT SUMMARY
-----------------
            Netlist: netlist
          Floorplan: design_1
      Design limits: <entire design considered>
             Max violations: <unlimited>
             Violations found: 5
+-----------+----------+-------------------------------+------------+
| Rule      | Severity | Description                   | Violations |
+-----------+----------+-------------------------------+------------+
| TIMING-18 | Warning  | Missing input or output delay | 5          |
+-----------+----------+-------------------------------+------------+

2. REPORT DETAILS
-----------------
TIMING-18#1 Warning
Missing input or output delay  
An input delay is missing on sws_4bits_tri_i[0] relative to clock(s) clk_fpga_0 
Related violations: <none>

TIMING-18#2 Warning
Missing input or output delay  
An input delay is missing on sws_4bits_tri_i[1] relative to clock(s) clk_fpga_0 
Related violations: <none>

TIMING-18#3 Warning
Missing input or output delay  
An input delay is missing on sws_4bits_tri_i[2] relative to clock(s) clk_fpga_0 
Related violations: <none>

TIMING-18#4 Warning
Missing input or output delay  
An input delay is missing on sws_4bits_tri_i[3] relative to clock(s) clk_fpga_0 
Related violations: <none>

TIMING-18#5 Warning
Missing input or output delay  
An output delay is missing on pwm_out relative to clock(s) clk_fpga_0 
Related violations: <none>


