Copyright 1986-2016 Xilinx, Inc. All Rights Reserved.
---------------------------------------------------------------------------------------------------------
| Tool Version : Vivado v.2016.4 (win64) Build 1756540 Mon Jan 23 19:11:23 MST 2017
| Date         : Fri Sep 21 12:20:00 2018
| Host         : Mykho_Laptop running 64-bit major release  (build 9200)
| Command      : report_control_sets -verbose -file pwm_generator_system_wrapper_control_sets_placed.rpt
| Design       : pwm_generator_system_wrapper
| Device       : xc7z010
---------------------------------------------------------------------------------------------------------

Control Set Information

Table of Contents
-----------------
1. Summary
2. Flip-Flop Distribution
3. Detailed Control Set Information

1. Summary
----------

+----------------------------------------------------------+-------+
|                          Status                          | Count |
+----------------------------------------------------------+-------+
| Number of unique control sets                            |    60 |
| Unused register locations in slices containing registers |   112 |
+----------------------------------------------------------+-------+


2. Flip-Flop Distribution
-------------------------

+--------------+-----------------------+------------------------+-----------------+--------------+
| Clock Enable | Synchronous Set/Reset | Asynchronous Set/Reset | Total Registers | Total Slices |
+--------------+-----------------------+------------------------+-----------------+--------------+
| No           | No                    | No                     |             157 |           54 |
| No           | No                    | Yes                    |               0 |            0 |
| No           | Yes                   | No                     |             177 |           57 |
| Yes          | No                    | No                     |             481 |          115 |
| Yes          | No                    | Yes                    |               0 |            0 |
| Yes          | Yes                   | No                     |             233 |           71 |
+--------------+-----------------------+------------------------+-----------------+--------------+


3. Detailed Control Set Information
-----------------------------------

+-------------------------------------------------------------+----------------------------------------------------------------------------------------------------------------------------------------------------------------------------------+-------------------------------------------------------------------------------------------------------------------------------------------------------------+------------------+----------------+
|                         Clock Signal                        |                                                                                   Enable Signal                                                                                  |                                                                       Set/Reset Signal                                                                      | Slice Load Count | Bel Load Count |
+-------------------------------------------------------------+----------------------------------------------------------------------------------------------------------------------------------------------------------------------------------+-------------------------------------------------------------------------------------------------------------------------------------------------------------+------------------+----------------+
|  pwm_generator_system_i/processing_system7_0/inst/FCLK_CLK0 | pwm_generator_system_i/microblaze_0_axi_periph/s00_couplers/auto_pc/inst/gen_axilite.gen_b2s_conv.axilite_b2s/WR.b_channel_0/bid_fifo_0/bresp_push                               |                                                                                                                                                             |                1 |              2 |
|  pwm_generator_system_i/processing_system7_0/inst/FCLK_CLK0 |                                                                                                                                                                                  | pwm_generator_system_i/axi_gpio_0/U0/AXI_LITE_IPIF_I/I_SLAVE_ATTACHMENT/clear                                                                               |                2 |              4 |
|  pwm_generator_system_i/processing_system7_0/inst/FCLK_CLK0 |                                                                                                                                                                                  | pwm_generator_system_i/microblaze_0_axi_periph/s00_couplers/auto_pc/inst/gen_axilite.gen_b2s_conv.axilite_b2s/SI_REG/aw_pipe/s_ready_i_reg_0                |                3 |              4 |
|  pwm_generator_system_i/processing_system7_0/inst/FCLK_CLK0 | pwm_generator_system_i/microblaze_0_axi_periph/s00_couplers/auto_pc/inst/gen_axilite.gen_b2s_conv.axilite_b2s/RD.ar_channel_0/ar_cmd_fsm_0/axlen_cnt_reg[3][0]                   | pwm_generator_system_i/microblaze_0_axi_periph/s00_couplers/auto_pc/inst/gen_axilite.gen_b2s_conv.axilite_b2s/RD.ar_channel_0/ar_cmd_fsm_0/axlen_cnt_reg[7] |                1 |              4 |
|  pwm_generator_system_i/processing_system7_0/inst/FCLK_CLK0 | pwm_generator_system_i/axi_gpio_0/U0/AXI_LITE_IPIF_I/I_SLAVE_ATTACHMENT/bus2ip_addr_i[8]_i_1_n_0                                                                                 | pwm_generator_system_i/axi_gpio_0/U0/AXI_LITE_IPIF_I/I_SLAVE_ATTACHMENT/SR                                                                                  |                1 |              4 |
|  pwm_generator_system_i/processing_system7_0/inst/FCLK_CLK0 | pwm_generator_system_i/axi_gpio_0/U0/AXI_LITE_IPIF_I/I_SLAVE_ATTACHMENT/s_axi_rdata_i[3]_i_1_n_0                                                                                 | pwm_generator_system_i/axi_gpio_0/U0/AXI_LITE_IPIF_I/I_SLAVE_ATTACHMENT/SR                                                                                  |                1 |              4 |
|  pwm_generator_system_i/processing_system7_0/inst/FCLK_CLK0 |                                                                                                                                                                                  | pwm_generator_system_i/axi_gpio_0/U0/AXI_LITE_IPIF_I/I_SLAVE_ATTACHMENT/I_DECODER/Not_Dual.READ_REG_GEN[0].GPIO_DBus_i_reg[28]                              |                2 |              4 |
|  pwm_generator_system_i/processing_system7_0/inst/FCLK_CLK0 | pwm_generator_system_i/axi_gpio_0/U0/AXI_LITE_IPIF_I/I_SLAVE_ATTACHMENT/I_DECODER/Not_Dual.gpio_OE_reg[0][0]                                                                     | pwm_generator_system_i/axi_gpio_0/U0/AXI_LITE_IPIF_I/I_SLAVE_ATTACHMENT/SR                                                                                  |                1 |              4 |
|  pwm_generator_system_i/processing_system7_0/inst/FCLK_CLK0 |                                                                                                                                                                                  | pwm_generator_system_i/microblaze_0_axi_periph/s00_couplers/auto_pc/inst/gen_axilite.gen_b2s_conv.axilite_b2s/SI_REG/ar_pipe/m_valid_i_reg_0                |                3 |              4 |
|  pwm_generator_system_i/processing_system7_0/inst/FCLK_CLK0 | pwm_generator_system_i/microblaze_0_axi_periph/s00_couplers/auto_pc/inst/gen_axilite.gen_b2s_conv.axilite_b2s/WR.aw_channel_0/aw_cmd_fsm_0/E[0]                                  | pwm_generator_system_i/microblaze_0_axi_periph/s00_couplers/auto_pc/inst/gen_axilite.gen_b2s_conv.axilite_b2s/WR.aw_channel_0/aw_cmd_fsm_0/axlen_cnt_reg[7] |                2 |              4 |
|  pwm_generator_system_i/processing_system7_0/inst/FCLK_CLK0 |                                                                                                                                                                                  | pwm_generator_system_i/rst_ps7_0_100M/U0/EXT_LPF/lpf_int                                                                                                    |                2 |              5 |
|  pwm_generator_system_i/processing_system7_0/inst/FCLK_CLK0 | pwm_generator_system_i/rst_ps7_0_100M/U0/SEQ/seq_cnt_en                                                                                                                          | pwm_generator_system_i/rst_ps7_0_100M/U0/SEQ/SEQ_COUNTER/clear                                                                                              |                1 |              6 |
|  pwm_generator_system_i/processing_system7_0/inst/FCLK_CLK0 | pwm_generator_system_i/modulator_axi_ip_0/U0/modulator_axi_ip_v1_0_S00_AXI_inst/slv_reg0[15]_i_1_n_0                                                                             | pwm_generator_system_i/modulator_axi_ip_0/U0/modulator_axi_ip_v1_0_S00_AXI_inst/axi_awready_i_1_n_0                                                         |                3 |              8 |
|  pwm_generator_system_i/processing_system7_0/inst/FCLK_CLK0 | pwm_generator_system_i/modulator_axi_ip_0/U0/modulator_axi_ip_v1_0_S00_AXI_inst/slv_reg0[23]_i_1_n_0                                                                             | pwm_generator_system_i/modulator_axi_ip_0/U0/modulator_axi_ip_v1_0_S00_AXI_inst/axi_awready_i_1_n_0                                                         |                3 |              8 |
|  pwm_generator_system_i/processing_system7_0/inst/FCLK_CLK0 | pwm_generator_system_i/modulator_axi_ip_0/U0/modulator_axi_ip_v1_0_S00_AXI_inst/p_1_in[31]                                                                                       | pwm_generator_system_i/modulator_axi_ip_0/U0/modulator_axi_ip_v1_0_S00_AXI_inst/axi_awready_i_1_n_0                                                         |                3 |              8 |
|  pwm_generator_system_i/processing_system7_0/inst/FCLK_CLK0 | pwm_generator_system_i/modulator_axi_ip_0/U0/modulator_axi_ip_v1_0_S00_AXI_inst/slv_reg0[7]_i_1_n_0                                                                              | pwm_generator_system_i/modulator_axi_ip_0/U0/modulator_axi_ip_v1_0_S00_AXI_inst/axi_awready_i_1_n_0                                                         |                4 |              8 |
|  pwm_generator_system_i/processing_system7_0/inst/FCLK_CLK0 | pwm_generator_system_i/modulator_axi_ip_0/U0/modulator_axi_ip_v1_0_S00_AXI_inst/slv_reg0[31]_i_1_n_0                                                                             | pwm_generator_system_i/modulator_axi_ip_0/U0/modulator_axi_ip_v1_0_S00_AXI_inst/axi_awready_i_1_n_0                                                         |                2 |              8 |
|  pwm_generator_system_i/processing_system7_0/inst/FCLK_CLK0 | pwm_generator_system_i/modulator_axi_ip_0/U0/modulator_axi_ip_v1_0_S00_AXI_inst/p_1_in[7]                                                                                        | pwm_generator_system_i/modulator_axi_ip_0/U0/modulator_axi_ip_v1_0_S00_AXI_inst/axi_awready_i_1_n_0                                                         |                2 |              8 |
|  pwm_generator_system_i/processing_system7_0/inst/FCLK_CLK0 | pwm_generator_system_i/modulator_axi_ip_0/U0/modulator_axi_ip_v1_0_S00_AXI_inst/p_1_in[15]                                                                                       | pwm_generator_system_i/modulator_axi_ip_0/U0/modulator_axi_ip_v1_0_S00_AXI_inst/axi_awready_i_1_n_0                                                         |                2 |              8 |
|  pwm_generator_system_i/processing_system7_0/inst/FCLK_CLK0 | pwm_generator_system_i/modulator_axi_ip_0/U0/modulator_axi_ip_v1_0_S00_AXI_inst/pwmmodulator/freq_ce/E[0]                                                                        | pwm_generator_system_i/modulator_axi_ip_0/U0/modulator_axi_ip_v1_0_S00_AXI_inst/pwmmodulator/counterampl/cnt_out_s                                          |                2 |              8 |
|  pwm_generator_system_i/processing_system7_0/inst/FCLK_CLK0 | pwm_generator_system_i/modulator_axi_ip_0/U0/modulator_axi_ip_v1_0_S00_AXI_inst/p_1_in[23]                                                                                       | pwm_generator_system_i/modulator_axi_ip_0/U0/modulator_axi_ip_v1_0_S00_AXI_inst/axi_awready_i_1_n_0                                                         |                2 |              8 |
|  pwm_generator_system_i/processing_system7_0/inst/FCLK_CLK0 | pwm_generator_system_i/modulator_axi_ip_0/U0/modulator_axi_ip_v1_0_S00_AXI_inst/slv_reg1[7]_i_1_n_0                                                                              | pwm_generator_system_i/modulator_axi_ip_0/U0/modulator_axi_ip_v1_0_S00_AXI_inst/axi_awready_i_1_n_0                                                         |                3 |              8 |
|  pwm_generator_system_i/processing_system7_0/inst/FCLK_CLK0 | pwm_generator_system_i/modulator_axi_ip_0/U0/modulator_axi_ip_v1_0_S00_AXI_inst/slv_reg2[31]_i_1_n_0                                                                             | pwm_generator_system_i/modulator_axi_ip_0/U0/modulator_axi_ip_v1_0_S00_AXI_inst/axi_awready_i_1_n_0                                                         |                4 |              8 |
|  pwm_generator_system_i/processing_system7_0/inst/FCLK_CLK0 | pwm_generator_system_i/modulator_axi_ip_0/U0/modulator_axi_ip_v1_0_S00_AXI_inst/slv_reg2[23]_i_1_n_0                                                                             | pwm_generator_system_i/modulator_axi_ip_0/U0/modulator_axi_ip_v1_0_S00_AXI_inst/axi_awready_i_1_n_0                                                         |                1 |              8 |
|  pwm_generator_system_i/processing_system7_0/inst/FCLK_CLK0 | pwm_generator_system_i/modulator_axi_ip_0/U0/modulator_axi_ip_v1_0_S00_AXI_inst/slv_reg2[15]_i_1_n_0                                                                             | pwm_generator_system_i/modulator_axi_ip_0/U0/modulator_axi_ip_v1_0_S00_AXI_inst/axi_awready_i_1_n_0                                                         |                2 |              8 |
|  pwm_generator_system_i/processing_system7_0/inst/FCLK_CLK0 | pwm_generator_system_i/modulator_axi_ip_0/U0/modulator_axi_ip_v1_0_S00_AXI_inst/slv_reg1[31]_i_1_n_0                                                                             | pwm_generator_system_i/modulator_axi_ip_0/U0/modulator_axi_ip_v1_0_S00_AXI_inst/axi_awready_i_1_n_0                                                         |                2 |              8 |
|  pwm_generator_system_i/processing_system7_0/inst/FCLK_CLK0 | pwm_generator_system_i/modulator_axi_ip_0/U0/modulator_axi_ip_v1_0_S00_AXI_inst/slv_reg1[23]_i_1_n_0                                                                             | pwm_generator_system_i/modulator_axi_ip_0/U0/modulator_axi_ip_v1_0_S00_AXI_inst/axi_awready_i_1_n_0                                                         |                2 |              8 |
|  pwm_generator_system_i/processing_system7_0/inst/FCLK_CLK0 | pwm_generator_system_i/modulator_axi_ip_0/U0/modulator_axi_ip_v1_0_S00_AXI_inst/slv_reg1[15]_i_1_n_0                                                                             | pwm_generator_system_i/modulator_axi_ip_0/U0/modulator_axi_ip_v1_0_S00_AXI_inst/axi_awready_i_1_n_0                                                         |                1 |              8 |
|  pwm_generator_system_i/processing_system7_0/inst/FCLK_CLK0 | pwm_generator_system_i/microblaze_0_axi_periph/s00_couplers/auto_pc/inst/gen_axilite.gen_b2s_conv.axilite_b2s/WR.b_channel_0/mhandshake_r                                        | pwm_generator_system_i/microblaze_0_axi_periph/s00_couplers/auto_pc/inst/gen_axilite.gen_b2s_conv.axilite_b2s/WR.b_channel_0/bid_fifo_0/SR[0]               |                3 |              8 |
|  pwm_generator_system_i/processing_system7_0/inst/FCLK_CLK0 | pwm_generator_system_i/modulator_axi_ip_0/U0/modulator_axi_ip_v1_0_S00_AXI_inst/slv_reg2[7]_i_1_n_0                                                                              | pwm_generator_system_i/modulator_axi_ip_0/U0/modulator_axi_ip_v1_0_S00_AXI_inst/axi_awready_i_1_n_0                                                         |                3 |              8 |
|  pwm_generator_system_i/processing_system7_0/inst/FCLK_CLK0 |                                                                                                                                                                                  | pwm_generator_system_i/modulator_axi_ip_0/U0/modulator_axi_ip_v1_0_S00_AXI_inst/axi_awready_i_1_n_0                                                         |                4 |              9 |
|  pwm_generator_system_i/processing_system7_0/inst/FCLK_CLK0 |                                                                                                                                                                                  | pwm_generator_system_i/microblaze_0_axi_periph/xbar/inst/gen_sasd.crossbar_sasd_0/addr_arbiter_inst/SR[0]                                                   |                5 |             11 |
|  pwm_generator_system_i/processing_system7_0/inst/FCLK_CLK0 | pwm_generator_system_i/modulator_axi_ip_0/U0/modulator_axi_ip_v1_0_S00_AXI_inst/pwmmodulator/pwmmodule/fsm_ce/E[0]                                                               |                                                                                                                                                             |                3 |             12 |
|  pwm_generator_system_i/processing_system7_0/inst/FCLK_CLK0 | pwm_generator_system_i/microblaze_0_axi_periph/s00_couplers/auto_pc/inst/gen_axilite.gen_b2s_conv.axilite_b2s/RD.ar_channel_0/ar_cmd_fsm_0/E[0]                                  |                                                                                                                                                             |                5 |             12 |
|  pwm_generator_system_i/processing_system7_0/inst/FCLK_CLK0 | pwm_generator_system_i/modulator_axi_ip_0/U0/modulator_axi_ip_v1_0_S00_AXI_inst/pwmmodulator/pwmmodule/fsm_ce/ce_s                                                               | pwm_generator_system_i/modulator_axi_ip_0/U0/modulator_axi_ip_v1_0_S00_AXI_inst/pwmmodulator/pwmmodule/count_v[11]_i_1_n_0                                  |                4 |             12 |
|  pwm_generator_system_i/processing_system7_0/inst/FCLK_CLK0 | pwm_generator_system_i/microblaze_0_axi_periph/s00_couplers/auto_pc/inst/gen_axilite.gen_b2s_conv.axilite_b2s/RD.ar_channel_0/ar_cmd_fsm_0/axaddr_incr_reg[11]                   |                                                                                                                                                             |                3 |             12 |
|  pwm_generator_system_i/processing_system7_0/inst/FCLK_CLK0 | pwm_generator_system_i/microblaze_0_axi_periph/s00_couplers/auto_pc/inst/gen_axilite.gen_b2s_conv.axilite_b2s/WR.aw_channel_0/aw_cmd_fsm_0/wrap_boundary_axaddr_r_reg[0][0]      |                                                                                                                                                             |                4 |             12 |
|  pwm_generator_system_i/processing_system7_0/inst/FCLK_CLK0 | pwm_generator_system_i/microblaze_0_axi_periph/s00_couplers/auto_pc/inst/gen_axilite.gen_b2s_conv.axilite_b2s/WR.aw_channel_0/cmd_translator_0/incr_cmd_0/axaddr_incr[0]_i_1_n_0 |                                                                                                                                                             |                3 |             12 |
|  pwm_generator_system_i/processing_system7_0/inst/FCLK_CLK0 | pwm_generator_system_i/microblaze_0_axi_periph/s00_couplers/auto_pc/inst/gen_axilite.gen_b2s_conv.axilite_b2s/RD.r_channel_0/r_push_r                                            |                                                                                                                                                             |                4 |             13 |
|  pwm_generator_system_i/processing_system7_0/inst/FCLK_CLK0 | pwm_generator_system_i/microblaze_0_axi_periph/s00_couplers/auto_pc/inst/gen_axilite.gen_b2s_conv.axilite_b2s/SI_REG/b_pipe/p_1_in                                               |                                                                                                                                                             |                3 |             14 |
|  pwm_generator_system_i/processing_system7_0/inst/FCLK_CLK0 | pwm_generator_system_i/microblaze_0_axi_periph/s00_couplers/auto_pc/inst/gen_axilite.gen_b2s_conv.axilite_b2s/SI_REG/b_pipe/skid_buffer_reg[0]_0                                 |                                                                                                                                                             |                3 |             14 |
|  pwm_generator_system_i/processing_system7_0/inst/FCLK_CLK0 |                                                                                                                                                                                  | pwm_generator_system_i/axi_gpio_0/U0/AXI_LITE_IPIF_I/I_SLAVE_ATTACHMENT/SR                                                                                  |                6 |             15 |
|  pwm_generator_system_i/processing_system7_0/inst/FCLK_CLK0 | pwm_generator_system_i/microblaze_0_axi_periph/s00_couplers/auto_pc/inst/gen_axilite.gen_b2s_conv.axilite_b2s/WR.aw_channel_0/aw_cmd_fsm_0/b_push                                |                                                                                                                                                             |                3 |             16 |
|  pwm_generator_system_i/processing_system7_0/inst/FCLK_CLK0 | pwm_generator_system_i/microblaze_0_axi_periph/xbar/inst/gen_sasd.crossbar_sasd_0/addr_arbiter_inst/p_0_in1_in                                                                   | pwm_generator_system_i/microblaze_0_axi_periph/xbar/inst/gen_sasd.crossbar_sasd_0/addr_arbiter_inst/SR[0]                                                   |                7 |             19 |
|  pwm_generator_system_i/processing_system7_0/inst/FCLK_CLK0 | pwm_generator_system_i/microblaze_0_axi_periph/s00_couplers/auto_pc/inst/gen_axilite.gen_b2s_conv.axilite_b2s/RD.ar_channel_0/ar_cmd_fsm_0/axlen_cnt_reg[3][0]                   |                                                                                                                                                             |                7 |             20 |
|  pwm_generator_system_i/processing_system7_0/inst/FCLK_CLK0 | pwm_generator_system_i/microblaze_0_axi_periph/s00_couplers/auto_pc/inst/gen_axilite.gen_b2s_conv.axilite_b2s/WR.aw_channel_0/aw_cmd_fsm_0/E[0]                                  |                                                                                                                                                             |                7 |             20 |
|  pwm_generator_system_i/processing_system7_0/inst/FCLK_CLK0 | pwm_generator_system_i/modulator_axi_ip_0/U0/modulator_axi_ip_v1_0_S00_AXI_inst/axi_rdata[31]_i_1_n_0                                                                            | pwm_generator_system_i/modulator_axi_ip_0/U0/modulator_axi_ip_v1_0_S00_AXI_inst/axi_awready_i_1_n_0                                                         |                9 |             32 |
|  pwm_generator_system_i/processing_system7_0/inst/FCLK_CLK0 | pwm_generator_system_i/microblaze_0_axi_periph/xbar/inst/gen_sasd.crossbar_sasd_0/reg_slice_r/aa_rready                                                                          |                                                                                                                                                             |                9 |             32 |
|  pwm_generator_system_i/processing_system7_0/inst/FCLK_CLK0 |                                                                                                                                                                                  | pwm_generator_system_i/modulator_axi_ip_0/U0/modulator_axi_ip_v1_0_S00_AXI_inst/pwmmodulator/pwmmodule/fsm_ce/freq_trig_i_1__0_n_0                          |                8 |             32 |
|  pwm_generator_system_i/processing_system7_0/inst/FCLK_CLK0 |                                                                                                                                                                                  | pwm_generator_system_i/modulator_axi_ip_0/U0/modulator_axi_ip_v1_0_S00_AXI_inst/pwmmodulator/freq_ce/freq_trig_i_1_n_0                                      |                8 |             32 |
|  pwm_generator_system_i/processing_system7_0/inst/FCLK_CLK0 | pwm_generator_system_i/microblaze_0_axi_periph/s00_couplers/auto_pc/inst/gen_axilite.gen_b2s_conv.axilite_b2s/RD.r_channel_0/rd_data_fifo_0/wr_en0                               |                                                                                                                                                             |                9 |             34 |
|  pwm_generator_system_i/processing_system7_0/inst/FCLK_CLK0 | pwm_generator_system_i/microblaze_0_axi_periph/xbar/inst/gen_sasd.crossbar_sasd_0/addr_arbiter_inst/E[0]                                                                         |                                                                                                                                                             |               11 |             35 |
|  pwm_generator_system_i/processing_system7_0/inst/FCLK_CLK0 | pwm_generator_system_i/microblaze_0_axi_periph/s00_couplers/auto_pc/inst/gen_axilite.gen_b2s_conv.axilite_b2s/SI_REG/r_pipe/p_1_in                                               |                                                                                                                                                             |                8 |             47 |
|  pwm_generator_system_i/processing_system7_0/inst/FCLK_CLK0 | pwm_generator_system_i/microblaze_0_axi_periph/s00_couplers/auto_pc/inst/gen_axilite.gen_b2s_conv.axilite_b2s/SI_REG/r_pipe/skid_buffer_reg[0]_0                                 |                                                                                                                                                             |                9 |             47 |
|  pwm_generator_system_i/processing_system7_0/inst/FCLK_CLK0 | pwm_generator_system_i/microblaze_0_axi_periph/s00_couplers/auto_pc/inst/gen_axilite.gen_b2s_conv.axilite_b2s/RD.ar_channel_0/ar_cmd_fsm_0/m_payload_i_reg[0]_1[0]               |                                                                                                                                                             |               11 |             48 |
|  pwm_generator_system_i/processing_system7_0/inst/FCLK_CLK0 | pwm_generator_system_i/microblaze_0_axi_periph/s00_couplers/auto_pc/inst/gen_axilite.gen_b2s_conv.axilite_b2s/SI_REG/ar_pipe/s_axi_arready                                       |                                                                                                                                                             |               14 |             48 |
|  pwm_generator_system_i/processing_system7_0/inst/FCLK_CLK0 | pwm_generator_system_i/microblaze_0_axi_periph/s00_couplers/auto_pc/inst/gen_axilite.gen_b2s_conv.axilite_b2s/SI_REG/aw_pipe/s_axi_awready                                       |                                                                                                                                                             |                8 |             48 |
|  pwm_generator_system_i/processing_system7_0/inst/FCLK_CLK0 | pwm_generator_system_i/microblaze_0_axi_periph/s00_couplers/auto_pc/inst/gen_axilite.gen_b2s_conv.axilite_b2s/WR.aw_channel_0/aw_cmd_fsm_0/m_payload_i_reg[0][0]                 |                                                                                                                                                             |                7 |             48 |
|  pwm_generator_system_i/processing_system7_0/inst/FCLK_CLK0 |                                                                                                                                                                                  | pwm_generator_system_i/microblaze_0_axi_periph/s00_couplers/auto_pc/inst/gen_axilite.gen_b2s_conv.axilite_b2s/areset_d1                                     |               14 |             57 |
|  pwm_generator_system_i/processing_system7_0/inst/FCLK_CLK0 |                                                                                                                                                                                  |                                                                                                                                                             |               55 |            158 |
+-------------------------------------------------------------+----------------------------------------------------------------------------------------------------------------------------------------------------------------------------------+-------------------------------------------------------------------------------------------------------------------------------------------------------------+------------------+----------------+


+--------+-----------------------+
| Fanout | Number of ControlSets |
+--------+-----------------------+
| 2      |                     1 |
| 4      |                     9 |
| 5      |                     1 |
| 6      |                     1 |
| 8      |                    18 |
| 9      |                     1 |
| 11     |                     1 |
| 12     |                     6 |
| 13     |                     1 |
| 14     |                     2 |
| 15     |                     1 |
| 16+    |                    18 |
+--------+-----------------------+


