
*** Running vivado
    with args -log pwm_generator_system_wrapper.vdi -applog -m64 -product Vivado -messageDb vivado.pb -mode batch -source pwm_generator_system_wrapper.tcl -notrace


****** Vivado v2016.4 (64-bit)
  **** SW Build 1756540 on Mon Jan 23 19:11:23 MST 2017
  **** IP Build 1755317 on Mon Jan 23 20:30:07 MST 2017
    ** Copyright 1986-2016 Xilinx, Inc. All Rights Reserved.

source pwm_generator_system_wrapper.tcl -notrace
Design is defaulting to srcset: sources_1
Design is defaulting to constrset: constrs_1
INFO: [Project 1-454] Reading design checkpoint 'c:/EAAES/assignments/pwm_generation/pwm_generation.srcs/sources_1/bd/pwm_generator_system/ip/pwm_generator_system_axi_gpio_0_0/pwm_generator_system_axi_gpio_0_0.dcp' for cell 'pwm_generator_system_i/axi_gpio_0'
INFO: [Project 1-454] Reading design checkpoint 'c:/EAAES/assignments/pwm_generation/pwm_generation.srcs/sources_1/bd/pwm_generator_system/ip/pwm_generator_system_modulator_axi_ip_0_0/pwm_generator_system_modulator_axi_ip_0_0.dcp' for cell 'pwm_generator_system_i/modulator_axi_ip_0'
INFO: [Project 1-454] Reading design checkpoint 'c:/EAAES/assignments/pwm_generation/pwm_generation.srcs/sources_1/bd/pwm_generator_system/ip/pwm_generator_system_processing_system7_0_0/pwm_generator_system_processing_system7_0_0.dcp' for cell 'pwm_generator_system_i/processing_system7_0'
INFO: [Project 1-454] Reading design checkpoint 'c:/EAAES/assignments/pwm_generation/pwm_generation.srcs/sources_1/bd/pwm_generator_system/ip/pwm_generator_system_rst_ps7_0_100M_0/pwm_generator_system_rst_ps7_0_100M_0.dcp' for cell 'pwm_generator_system_i/rst_ps7_0_100M'
INFO: [Project 1-454] Reading design checkpoint 'c:/EAAES/assignments/pwm_generation/pwm_generation.srcs/sources_1/bd/pwm_generator_system/ip/pwm_generator_system_xbar_1/pwm_generator_system_xbar_1.dcp' for cell 'pwm_generator_system_i/microblaze_0_axi_periph/xbar'
INFO: [Project 1-454] Reading design checkpoint 'c:/EAAES/assignments/pwm_generation/pwm_generation.srcs/sources_1/bd/pwm_generator_system/ip/pwm_generator_system_auto_pc_0/pwm_generator_system_auto_pc_0.dcp' for cell 'pwm_generator_system_i/microblaze_0_axi_periph/s00_couplers/auto_pc'
INFO: [Netlist 29-17] Analyzing 92 Unisim elements for replacement
INFO: [Netlist 29-28] Unisim Transformation completed in 0 CPU seconds
INFO: [Project 1-479] Netlist was created with Vivado 2016.4
INFO: [Device 21-403] Loading part xc7z010clg400-1
INFO: [Project 1-570] Preparing netlist for logic optimization
WARNING: [Constraints 18-550] Could not create 'IOSTANDARD' constraint because net 'pwm_generator_system_i/axi_gpio_0/gpio_io_i[0]' is not directly connected to top level port. 'IOSTANDARD' is ignored by Vivado but preserved for implementation tool. [C:/EAAES/assignments/pwm_generation/pwm_generation.runs/impl_1/.Xil/Vivado-8820-Mykho_Laptop/dcp_2/pwm_generator_system_axi_gpio_0_0.edf:3781]
WARNING: [Constraints 18-550] Could not create 'IOSTANDARD' constraint because net 'pwm_generator_system_i/axi_gpio_0/gpio_io_i[1]' is not directly connected to top level port. 'IOSTANDARD' is ignored by Vivado but preserved for implementation tool. [C:/EAAES/assignments/pwm_generation/pwm_generation.runs/impl_1/.Xil/Vivado-8820-Mykho_Laptop/dcp_2/pwm_generator_system_axi_gpio_0_0.edf:3788]
WARNING: [Constraints 18-550] Could not create 'IOSTANDARD' constraint because net 'pwm_generator_system_i/axi_gpio_0/gpio_io_i[2]' is not directly connected to top level port. 'IOSTANDARD' is ignored by Vivado but preserved for implementation tool. [C:/EAAES/assignments/pwm_generation/pwm_generation.runs/impl_1/.Xil/Vivado-8820-Mykho_Laptop/dcp_2/pwm_generator_system_axi_gpio_0_0.edf:3795]
WARNING: [Constraints 18-550] Could not create 'IOSTANDARD' constraint because net 'pwm_generator_system_i/axi_gpio_0/gpio_io_i[3]' is not directly connected to top level port. 'IOSTANDARD' is ignored by Vivado but preserved for implementation tool. [C:/EAAES/assignments/pwm_generation/pwm_generation.runs/impl_1/.Xil/Vivado-8820-Mykho_Laptop/dcp_2/pwm_generator_system_axi_gpio_0_0.edf:3802]
Parsing XDC File [c:/EAAES/assignments/pwm_generation/pwm_generation.srcs/sources_1/bd/pwm_generator_system/ip/pwm_generator_system_axi_gpio_0_0/pwm_generator_system_axi_gpio_0_0_board.xdc] for cell 'pwm_generator_system_i/axi_gpio_0/U0'
Finished Parsing XDC File [c:/EAAES/assignments/pwm_generation/pwm_generation.srcs/sources_1/bd/pwm_generator_system/ip/pwm_generator_system_axi_gpio_0_0/pwm_generator_system_axi_gpio_0_0_board.xdc] for cell 'pwm_generator_system_i/axi_gpio_0/U0'
Parsing XDC File [c:/EAAES/assignments/pwm_generation/pwm_generation.srcs/sources_1/bd/pwm_generator_system/ip/pwm_generator_system_axi_gpio_0_0/pwm_generator_system_axi_gpio_0_0.xdc] for cell 'pwm_generator_system_i/axi_gpio_0/U0'
Finished Parsing XDC File [c:/EAAES/assignments/pwm_generation/pwm_generation.srcs/sources_1/bd/pwm_generator_system/ip/pwm_generator_system_axi_gpio_0_0/pwm_generator_system_axi_gpio_0_0.xdc] for cell 'pwm_generator_system_i/axi_gpio_0/U0'
Parsing XDC File [c:/EAAES/assignments/pwm_generation/pwm_generation.srcs/sources_1/bd/pwm_generator_system/ip/pwm_generator_system_processing_system7_0_0/pwm_generator_system_processing_system7_0_0.xdc] for cell 'pwm_generator_system_i/processing_system7_0/inst'
Finished Parsing XDC File [c:/EAAES/assignments/pwm_generation/pwm_generation.srcs/sources_1/bd/pwm_generator_system/ip/pwm_generator_system_processing_system7_0_0/pwm_generator_system_processing_system7_0_0.xdc] for cell 'pwm_generator_system_i/processing_system7_0/inst'
Parsing XDC File [c:/EAAES/assignments/pwm_generation/pwm_generation.srcs/sources_1/bd/pwm_generator_system/ip/pwm_generator_system_rst_ps7_0_100M_0/pwm_generator_system_rst_ps7_0_100M_0_board.xdc] for cell 'pwm_generator_system_i/rst_ps7_0_100M/U0'
Finished Parsing XDC File [c:/EAAES/assignments/pwm_generation/pwm_generation.srcs/sources_1/bd/pwm_generator_system/ip/pwm_generator_system_rst_ps7_0_100M_0/pwm_generator_system_rst_ps7_0_100M_0_board.xdc] for cell 'pwm_generator_system_i/rst_ps7_0_100M/U0'
Parsing XDC File [c:/EAAES/assignments/pwm_generation/pwm_generation.srcs/sources_1/bd/pwm_generator_system/ip/pwm_generator_system_rst_ps7_0_100M_0/pwm_generator_system_rst_ps7_0_100M_0.xdc] for cell 'pwm_generator_system_i/rst_ps7_0_100M/U0'
Finished Parsing XDC File [c:/EAAES/assignments/pwm_generation/pwm_generation.srcs/sources_1/bd/pwm_generator_system/ip/pwm_generator_system_rst_ps7_0_100M_0/pwm_generator_system_rst_ps7_0_100M_0.xdc] for cell 'pwm_generator_system_i/rst_ps7_0_100M/U0'
Parsing XDC File [C:/EAAES/assignments/pwm_generation/constraints.xdc]
Finished Parsing XDC File [C:/EAAES/assignments/pwm_generation/constraints.xdc]
INFO: [Project 1-538] Using original IP XDC constraints instead of the XDC constraints in dcp 'c:/EAAES/assignments/pwm_generation/pwm_generation.srcs/sources_1/bd/pwm_generator_system/ip/pwm_generator_system_axi_gpio_0_0/pwm_generator_system_axi_gpio_0_0.dcp'
INFO: [Project 1-538] Using original IP XDC constraints instead of the XDC constraints in dcp 'c:/EAAES/assignments/pwm_generation/pwm_generation.srcs/sources_1/bd/pwm_generator_system/ip/pwm_generator_system_xbar_1/pwm_generator_system_xbar_1.dcp'
INFO: [Project 1-538] Using original IP XDC constraints instead of the XDC constraints in dcp 'c:/EAAES/assignments/pwm_generation/pwm_generation.srcs/sources_1/bd/pwm_generator_system/ip/pwm_generator_system_processing_system7_0_0/pwm_generator_system_processing_system7_0_0.dcp'
INFO: [Project 1-538] Using original IP XDC constraints instead of the XDC constraints in dcp 'c:/EAAES/assignments/pwm_generation/pwm_generation.srcs/sources_1/bd/pwm_generator_system/ip/pwm_generator_system_rst_ps7_0_100M_0/pwm_generator_system_rst_ps7_0_100M_0.dcp'
INFO: [Project 1-538] Using original IP XDC constraints instead of the XDC constraints in dcp 'c:/EAAES/assignments/pwm_generation/pwm_generation.srcs/sources_1/bd/pwm_generator_system/ip/pwm_generator_system_auto_pc_0/pwm_generator_system_auto_pc_0.dcp'
INFO: [Opt 31-138] Pushed 0 inverter(s) to 0 load pin(s).
INFO: [Project 1-111] Unisim Transformation Summary:
No Unisim elements were transformed.

link_design: Time (s): cpu = 00:00:12 ; elapsed = 00:00:14 . Memory (MB): peak = 570.137 ; gain = 360.406
Command: opt_design
Attempting to get a license for feature 'Implementation' and/or device 'xc7z010'
INFO: [Common 17-349] Got license for feature 'Implementation' and/or device 'xc7z010'
Running DRC as a precondition to command opt_design

Starting DRC Task
INFO: [DRC 23-27] Running DRC with 2 threads
INFO: [Project 1-461] DRC finished with 0 Errors
INFO: [Project 1-462] Please refer to the DRC report (report_drc) for more information.

Time (s): cpu = 00:00:01 ; elapsed = 00:00:00.909 . Memory (MB): peak = 581.105 ; gain = 10.969
INFO: [Timing 38-35] Done setting XDC timing constraints.

Starting Logic Optimization Task
Implement Debug Cores | Checksum: 1793e11d8

Phase 1 Retarget
INFO: [Opt 31-138] Pushed 0 inverter(s) to 0 load pin(s).
INFO: [Opt 31-49] Retargeted 0 cell(s).
Phase 1 Retarget | Checksum: 101ba354f

Time (s): cpu = 00:00:00 ; elapsed = 00:00:00.455 . Memory (MB): peak = 1002.070 ; gain = 0.000

Phase 2 Constant propagation
INFO: [Opt 31-138] Pushed 0 inverter(s) to 0 load pin(s).
INFO: [Opt 31-10] Eliminated 73 cells.
Phase 2 Constant propagation | Checksum: eb066477

Time (s): cpu = 00:00:01 ; elapsed = 00:00:01 . Memory (MB): peak = 1002.070 ; gain = 0.000

Phase 3 Sweep
INFO: [Opt 31-12] Eliminated 319 unconnected nets.
INFO: [Opt 31-11] Eliminated 204 unconnected cells.
Phase 3 Sweep | Checksum: 134204d0a

Time (s): cpu = 00:00:01 ; elapsed = 00:00:02 . Memory (MB): peak = 1002.070 ; gain = 0.000

Phase 4 BUFG optimization
INFO: [Opt 31-12] Eliminated 0 unconnected nets.
INFO: [Opt 31-11] Eliminated 0 unconnected cells.
Phase 4 BUFG optimization | Checksum: f87dc419

Time (s): cpu = 00:00:02 ; elapsed = 00:00:02 . Memory (MB): peak = 1002.070 ; gain = 0.000

Starting Connectivity Check Task

Time (s): cpu = 00:00:00 ; elapsed = 00:00:00.008 . Memory (MB): peak = 1002.070 ; gain = 0.000
Ending Logic Optimization Task | Checksum: f87dc419

Time (s): cpu = 00:00:02 ; elapsed = 00:00:02 . Memory (MB): peak = 1002.070 ; gain = 0.000

Starting Power Optimization Task
INFO: [Pwropt 34-132] Skipping clock gating for clocks with a period < 2.00 ns.
INFO: [Pwropt 34-9] Applying IDT optimizations ...
INFO: [Pwropt 34-10] Applying ODC optimizations ...
INFO: [Timing 38-35] Done setting XDC timing constraints.
Running Vector-less Activity Propagation...

Finished Running Vector-less Activity Propagation


Starting PowerOpt Patch Enables Task
INFO: [Pwropt 34-162] WRITE_MODE attribute of 0 BRAM(s) out of a total of 1 has been updated to save power. Run report_power_opt to get a complete listing of the BRAMs updated.
INFO: [Pwropt 34-201] Structural ODC has moved 0 WE to EN ports
Number of BRAM Ports augmented: 0 newly gated: 1 Total Ports: 2
Ending PowerOpt Patch Enables Task | Checksum: 1dacbdf4c

Time (s): cpu = 00:00:00 ; elapsed = 00:00:00.039 . Memory (MB): peak = 1072.047 ; gain = 0.000
Ending Power Optimization Task | Checksum: 1dacbdf4c

Time (s): cpu = 00:00:02 ; elapsed = 00:00:02 . Memory (MB): peak = 1072.047 ; gain = 69.977
INFO: [Common 17-83] Releasing license: Implementation
38 Infos, 4 Warnings, 0 Critical Warnings and 0 Errors encountered.
opt_design completed successfully
opt_design: Time (s): cpu = 00:00:21 ; elapsed = 00:00:24 . Memory (MB): peak = 1072.047 ; gain = 501.910
Writing placer database...
Writing XDEF routing.
Writing XDEF routing logical nets.
Writing XDEF routing special nets.
Write XDEF Complete: Time (s): cpu = 00:00:00 ; elapsed = 00:00:00.195 . Memory (MB): peak = 1072.047 ; gain = 0.000
INFO: [Common 17-1381] The checkpoint 'C:/EAAES/assignments/pwm_generation/pwm_generation.runs/impl_1/pwm_generator_system_wrapper_opt.dcp' has been generated.
INFO: [DRC 23-27] Running DRC with 2 threads
INFO: [Coretcl 2-168] The results of DRC are in file C:/EAAES/assignments/pwm_generation/pwm_generation.runs/impl_1/pwm_generator_system_wrapper_drc_opted.rpt.
INFO: [Chipscope 16-241] No debug cores found in the current design.
Before running the implement_debug_core command, either use the Set Up Debug wizard (GUI mode)
or use the create_debug_core and connect_debug_core Tcl commands to insert debug cores into the design.
Command: place_design
Attempting to get a license for feature 'Implementation' and/or device 'xc7z010'
INFO: [Common 17-349] Got license for feature 'Implementation' and/or device 'xc7z010'
INFO: [DRC 23-27] Running DRC with 2 threads
INFO: [Vivado_Tcl 4-198] DRC finished with 0 Errors
INFO: [Vivado_Tcl 4-199] Please refer to the DRC report (report_drc) for more information.
Running DRC as a precondition to command place_design
INFO: [DRC 23-27] Running DRC with 2 threads
INFO: [Vivado_Tcl 4-198] DRC finished with 0 Errors
INFO: [Vivado_Tcl 4-199] Please refer to the DRC report (report_drc) for more information.

Starting Placer Task
INFO: [Place 30-611] Multithreading enabled for place_design using a maximum of 2 CPUs

Phase 1 Placer Initialization
Netlist sorting complete. Time (s): cpu = 00:00:00 ; elapsed = 00:00:00.007 . Memory (MB): peak = 1072.047 ; gain = 0.000
INFO: [Timing 38-35] Done setting XDC timing constraints.
INFO: [Opt 31-138] Pushed 0 inverter(s) to 0 load pin(s).
Netlist sorting complete. Time (s): cpu = 00:00:00 ; elapsed = 00:00:00.006 . Memory (MB): peak = 1072.047 ; gain = 0.000

Phase 1.1 IO Placement/ Clock Placement/ Build Placer Device
INFO: [Timing 38-35] Done setting XDC timing constraints.
Phase 1.1 IO Placement/ Clock Placement/ Build Placer Device | Checksum: 18fb1c9ef

Time (s): cpu = 00:00:03 ; elapsed = 00:00:03 . Memory (MB): peak = 1072.047 ; gain = 0.000

Phase 1.2 Build Placer Netlist Model
Phase 1.2 Build Placer Netlist Model | Checksum: 166bbaea4

Time (s): cpu = 00:00:04 ; elapsed = 00:00:05 . Memory (MB): peak = 1072.047 ; gain = 0.000

Phase 1.3 Constrain Clocks/Macros
Phase 1.3 Constrain Clocks/Macros | Checksum: 166bbaea4

Time (s): cpu = 00:00:04 ; elapsed = 00:00:05 . Memory (MB): peak = 1072.047 ; gain = 0.000
Phase 1 Placer Initialization | Checksum: 166bbaea4

Time (s): cpu = 00:00:04 ; elapsed = 00:00:05 . Memory (MB): peak = 1072.047 ; gain = 0.000

Phase 2 Global Placement
Phase 2 Global Placement | Checksum: 16e0afd0b

Time (s): cpu = 00:00:07 ; elapsed = 00:00:07 . Memory (MB): peak = 1072.047 ; gain = 0.000

Phase 3 Detail Placement

Phase 3.1 Commit Multi Column Macros
Phase 3.1 Commit Multi Column Macros | Checksum: 16e0afd0b

Time (s): cpu = 00:00:07 ; elapsed = 00:00:07 . Memory (MB): peak = 1072.047 ; gain = 0.000

Phase 3.2 Commit Most Macros & LUTRAMs
Phase 3.2 Commit Most Macros & LUTRAMs | Checksum: 11ed8a3da

Time (s): cpu = 00:00:08 ; elapsed = 00:00:08 . Memory (MB): peak = 1072.047 ; gain = 0.000

Phase 3.3 Area Swap Optimization
Phase 3.3 Area Swap Optimization | Checksum: 19fca3a53

Time (s): cpu = 00:00:08 ; elapsed = 00:00:08 . Memory (MB): peak = 1072.047 ; gain = 0.000

Phase 3.4 Pipeline Register Optimization
Phase 3.4 Pipeline Register Optimization | Checksum: 19fca3a53

Time (s): cpu = 00:00:08 ; elapsed = 00:00:08 . Memory (MB): peak = 1072.047 ; gain = 0.000

Phase 3.5 Timing Path Optimizer
Phase 3.5 Timing Path Optimizer | Checksum: 13204a744

Time (s): cpu = 00:00:08 ; elapsed = 00:00:08 . Memory (MB): peak = 1072.047 ; gain = 0.000

Phase 3.6 Small Shape Detail Placement
Phase 3.6 Small Shape Detail Placement | Checksum: 18eab2fdc

Time (s): cpu = 00:00:09 ; elapsed = 00:00:09 . Memory (MB): peak = 1072.047 ; gain = 0.000

Phase 3.7 Re-assign LUT pins
Phase 3.7 Re-assign LUT pins | Checksum: 1a23d1b8c

Time (s): cpu = 00:00:09 ; elapsed = 00:00:09 . Memory (MB): peak = 1072.047 ; gain = 0.000

Phase 3.8 Pipeline Register Optimization
Phase 3.8 Pipeline Register Optimization | Checksum: 1a23d1b8c

Time (s): cpu = 00:00:09 ; elapsed = 00:00:09 . Memory (MB): peak = 1072.047 ; gain = 0.000
Phase 3 Detail Placement | Checksum: 1a23d1b8c

Time (s): cpu = 00:00:09 ; elapsed = 00:00:09 . Memory (MB): peak = 1072.047 ; gain = 0.000

Phase 4 Post Placement Optimization and Clean-Up

Phase 4.1 Post Commit Optimization
INFO: [Timing 38-35] Done setting XDC timing constraints.

Phase 4.1.1 Post Placement Optimization
INFO: [Place 30-746] Post Placement Timing Summary WNS=2.998. For the most accurate timing information please run report_timing.
Phase 4.1.1 Post Placement Optimization | Checksum: 1436b0022

Time (s): cpu = 00:00:10 ; elapsed = 00:00:10 . Memory (MB): peak = 1072.047 ; gain = 0.000
Phase 4.1 Post Commit Optimization | Checksum: 1436b0022

Time (s): cpu = 00:00:10 ; elapsed = 00:00:10 . Memory (MB): peak = 1072.047 ; gain = 0.000

Phase 4.2 Post Placement Cleanup
Phase 4.2 Post Placement Cleanup | Checksum: 1436b0022

Time (s): cpu = 00:00:10 ; elapsed = 00:00:10 . Memory (MB): peak = 1072.047 ; gain = 0.000

Phase 4.3 Placer Reporting
Phase 4.3 Placer Reporting | Checksum: 1436b0022

Time (s): cpu = 00:00:10 ; elapsed = 00:00:10 . Memory (MB): peak = 1072.047 ; gain = 0.000

Phase 4.4 Final Placement Cleanup
Phase 4.4 Final Placement Cleanup | Checksum: 1a842e51e

Time (s): cpu = 00:00:10 ; elapsed = 00:00:10 . Memory (MB): peak = 1072.047 ; gain = 0.000
Phase 4 Post Placement Optimization and Clean-Up | Checksum: 1a842e51e

Time (s): cpu = 00:00:10 ; elapsed = 00:00:10 . Memory (MB): peak = 1072.047 ; gain = 0.000
Ending Placer Task | Checksum: 15cb713c9

Time (s): cpu = 00:00:10 ; elapsed = 00:00:10 . Memory (MB): peak = 1072.047 ; gain = 0.000
INFO: [Common 17-83] Releasing license: Implementation
56 Infos, 4 Warnings, 0 Critical Warnings and 0 Errors encountered.
place_design completed successfully
place_design: Time (s): cpu = 00:00:14 ; elapsed = 00:00:12 . Memory (MB): peak = 1072.047 ; gain = 0.000
Writing placer database...
Writing XDEF routing.
Writing XDEF routing logical nets.
Writing XDEF routing special nets.
Write XDEF Complete: Time (s): cpu = 00:00:01 ; elapsed = 00:00:00.449 . Memory (MB): peak = 1072.047 ; gain = 0.000
INFO: [Common 17-1381] The checkpoint 'C:/EAAES/assignments/pwm_generation/pwm_generation.runs/impl_1/pwm_generator_system_wrapper_placed.dcp' has been generated.
report_io: Time (s): cpu = 00:00:01 ; elapsed = 00:00:00.096 . Memory (MB): peak = 1072.047 ; gain = 0.000
report_utilization: Time (s): cpu = 00:00:00 ; elapsed = 00:00:00.044 . Memory (MB): peak = 1072.047 ; gain = 0.000
report_control_sets: Time (s): cpu = 00:00:00 ; elapsed = 00:00:00.014 . Memory (MB): peak = 1072.047 ; gain = 0.000
Command: route_design
Attempting to get a license for feature 'Implementation' and/or device 'xc7z010'
INFO: [Common 17-349] Got license for feature 'Implementation' and/or device 'xc7z010'
Running DRC as a precondition to command route_design
INFO: [DRC 23-27] Running DRC with 2 threads
INFO: [Vivado_Tcl 4-198] DRC finished with 0 Errors
INFO: [Vivado_Tcl 4-199] Please refer to the DRC report (report_drc) for more information.


Starting Routing Task
INFO: [Route 35-254] Multithreading enabled for route_design using a maximum of 2 CPUs
Checksum: PlaceDB: cf74c08f ConstDB: 0 ShapeSum: 8d42533a RouteDB: 0

Phase 1 Build RT Design
Phase 1 Build RT Design | Checksum: 12b38039a

Time (s): cpu = 00:00:21 ; elapsed = 00:00:18 . Memory (MB): peak = 1085.906 ; gain = 13.859

Phase 2 Router Initialization

Phase 2.1 Create Timer
Phase 2.1 Create Timer | Checksum: 12b38039a

Time (s): cpu = 00:00:21 ; elapsed = 00:00:19 . Memory (MB): peak = 1085.906 ; gain = 13.859

Phase 2.2 Fix Topology Constraints
Phase 2.2 Fix Topology Constraints | Checksum: 12b38039a

Time (s): cpu = 00:00:21 ; elapsed = 00:00:19 . Memory (MB): peak = 1085.906 ; gain = 13.859

Phase 2.3 Pre Route Cleanup
Phase 2.3 Pre Route Cleanup | Checksum: 12b38039a

Time (s): cpu = 00:00:21 ; elapsed = 00:00:19 . Memory (MB): peak = 1085.906 ; gain = 13.859
 Number of Nodes with overlaps = 0

Phase 2.4 Update Timing
Phase 2.4 Update Timing | Checksum: 1a5e0d2fd

Time (s): cpu = 00:00:22 ; elapsed = 00:00:20 . Memory (MB): peak = 1085.906 ; gain = 13.859
INFO: [Route 35-416] Intermediate Timing Summary | WNS=3.033  | TNS=0.000  | WHS=-0.190 | THS=-21.559|

Phase 2 Router Initialization | Checksum: 1d4adb276

Time (s): cpu = 00:00:22 ; elapsed = 00:00:20 . Memory (MB): peak = 1085.906 ; gain = 13.859

Phase 3 Initial Routing
Phase 3 Initial Routing | Checksum: 1037e7e1c

Time (s): cpu = 00:00:23 ; elapsed = 00:00:20 . Memory (MB): peak = 1085.906 ; gain = 13.859

Phase 4 Rip-up And Reroute

Phase 4.1 Global Iteration 0
 Number of Nodes with overlaps = 99
 Number of Nodes with overlaps = 1
 Number of Nodes with overlaps = 0

Phase 4.1.1 Update Timing
Phase 4.1.1 Update Timing | Checksum: 14fa50498

Time (s): cpu = 00:00:24 ; elapsed = 00:00:21 . Memory (MB): peak = 1085.906 ; gain = 13.859
INFO: [Route 35-416] Intermediate Timing Summary | WNS=2.492  | TNS=0.000  | WHS=N/A    | THS=N/A    |

Phase 4.1 Global Iteration 0 | Checksum: 1e1b4c74f

Time (s): cpu = 00:00:24 ; elapsed = 00:00:21 . Memory (MB): peak = 1085.906 ; gain = 13.859

Phase 4.2 Global Iteration 1
 Number of Nodes with overlaps = 0

Phase 4.2.1 Update Timing
Phase 4.2.1 Update Timing | Checksum: 122409f07

Time (s): cpu = 00:00:24 ; elapsed = 00:00:21 . Memory (MB): peak = 1085.906 ; gain = 13.859
INFO: [Route 35-416] Intermediate Timing Summary | WNS=2.492  | TNS=0.000  | WHS=N/A    | THS=N/A    |

Phase 4.2 Global Iteration 1 | Checksum: 122a9c49f

Time (s): cpu = 00:00:24 ; elapsed = 00:00:21 . Memory (MB): peak = 1085.906 ; gain = 13.859
Phase 4 Rip-up And Reroute | Checksum: 122a9c49f

Time (s): cpu = 00:00:24 ; elapsed = 00:00:21 . Memory (MB): peak = 1085.906 ; gain = 13.859

Phase 5 Delay and Skew Optimization

Phase 5.1 Delay CleanUp
Phase 5.1 Delay CleanUp | Checksum: 122a9c49f

Time (s): cpu = 00:00:24 ; elapsed = 00:00:21 . Memory (MB): peak = 1085.906 ; gain = 13.859

Phase 5.2 Clock Skew Optimization
Phase 5.2 Clock Skew Optimization | Checksum: 122a9c49f

Time (s): cpu = 00:00:24 ; elapsed = 00:00:21 . Memory (MB): peak = 1085.906 ; gain = 13.859
Phase 5 Delay and Skew Optimization | Checksum: 122a9c49f

Time (s): cpu = 00:00:24 ; elapsed = 00:00:21 . Memory (MB): peak = 1085.906 ; gain = 13.859

Phase 6 Post Hold Fix

Phase 6.1 Hold Fix Iter

Phase 6.1.1 Update Timing
Phase 6.1.1 Update Timing | Checksum: 1cc6b34a3

Time (s): cpu = 00:00:24 ; elapsed = 00:00:21 . Memory (MB): peak = 1085.906 ; gain = 13.859
INFO: [Route 35-416] Intermediate Timing Summary | WNS=2.581  | TNS=0.000  | WHS=0.033  | THS=0.000  |

Phase 6.1 Hold Fix Iter | Checksum: 1456c1145

Time (s): cpu = 00:00:24 ; elapsed = 00:00:21 . Memory (MB): peak = 1085.906 ; gain = 13.859
Phase 6 Post Hold Fix | Checksum: 1456c1145

Time (s): cpu = 00:00:24 ; elapsed = 00:00:21 . Memory (MB): peak = 1085.906 ; gain = 13.859

Phase 7 Route finalize

Router Utilization Summary
  Global Vertical Routing Utilization    = 0.673846 %
  Global Horizontal Routing Utilization  = 0.915671 %
  Routable Net Status*
  *Does not include unroutable nets such as driverless and loadless.
  Run report_route_status for detailed report.
  Number of Failed Nets               = 0
  Number of Unrouted Nets             = 0
  Number of Partially Routed Nets     = 0
  Number of Node Overlaps             = 0

Phase 7 Route finalize | Checksum: 199d4d726

Time (s): cpu = 00:00:24 ; elapsed = 00:00:21 . Memory (MB): peak = 1085.906 ; gain = 13.859

Phase 8 Verifying routed nets

 Verification completed successfully
Phase 8 Verifying routed nets | Checksum: 199d4d726

Time (s): cpu = 00:00:24 ; elapsed = 00:00:21 . Memory (MB): peak = 1085.906 ; gain = 13.859

Phase 9 Depositing Routes
Phase 9 Depositing Routes | Checksum: 261044575

Time (s): cpu = 00:00:25 ; elapsed = 00:00:22 . Memory (MB): peak = 1085.906 ; gain = 13.859

Phase 10 Post Router Timing
INFO: [Route 35-57] Estimated Timing Summary | WNS=2.581  | TNS=0.000  | WHS=0.033  | THS=0.000  |

INFO: [Route 35-327] The final timing numbers are based on the router estimated timing analysis. For a complete and accurate timing signoff, please run report_timing_summary.
Phase 10 Post Router Timing | Checksum: 261044575

Time (s): cpu = 00:00:25 ; elapsed = 00:00:22 . Memory (MB): peak = 1085.906 ; gain = 13.859
INFO: [Route 35-16] Router Completed Successfully

Time (s): cpu = 00:00:25 ; elapsed = 00:00:22 . Memory (MB): peak = 1085.906 ; gain = 13.859

Routing Is Done.
INFO: [Common 17-83] Releasing license: Implementation
70 Infos, 4 Warnings, 0 Critical Warnings and 0 Errors encountered.
route_design completed successfully
route_design: Time (s): cpu = 00:00:28 ; elapsed = 00:00:24 . Memory (MB): peak = 1085.906 ; gain = 13.859
Writing placer database...
Writing XDEF routing.
Writing XDEF routing logical nets.
Writing XDEF routing special nets.
Write XDEF Complete: Time (s): cpu = 00:00:02 ; elapsed = 00:00:00.602 . Memory (MB): peak = 1085.906 ; gain = 0.000
INFO: [Common 17-1381] The checkpoint 'C:/EAAES/assignments/pwm_generation/pwm_generation.runs/impl_1/pwm_generator_system_wrapper_routed.dcp' has been generated.
INFO: [DRC 23-27] Running DRC with 2 threads
INFO: [Coretcl 2-168] The results of DRC are in file C:/EAAES/assignments/pwm_generation/pwm_generation.runs/impl_1/pwm_generator_system_wrapper_drc_routed.rpt.
INFO: [Timing 38-35] Done setting XDC timing constraints.
INFO: [DRC 23-133] Running Methodology with 2 threads
INFO: [Coretcl 2-1520] The results of Report Methodology are in file C:/EAAES/assignments/pwm_generation/pwm_generation.runs/impl_1/pwm_generator_system_wrapper_methodology_drc_routed.rpt.
INFO: [Timing 38-35] Done setting XDC timing constraints.
INFO: [Timing 38-91] UpdateTimingParams: Speed grade: -1, Delay Type: min_max.
INFO: [Timing 38-191] Multithreading enabled for timing update using a maximum of 2 CPUs
INFO: [Timing 38-35] Done setting XDC timing constraints.
Command: report_power -file pwm_generator_system_wrapper_power_routed.rpt -pb pwm_generator_system_wrapper_power_summary_routed.pb -rpx pwm_generator_system_wrapper_power_routed.rpx
Running Vector-less Activity Propagation...

Finished Running Vector-less Activity Propagation
80 Infos, 4 Warnings, 0 Critical Warnings and 0 Errors encountered.
report_power completed successfully
Command: write_bitstream -force -no_partial_bitfile pwm_generator_system_wrapper.bit
Attempting to get a license for feature 'Implementation' and/or device 'xc7z010'
INFO: [Common 17-349] Got license for feature 'Implementation' and/or device 'xc7z010'
Running DRC as a precondition to command write_bitstream
INFO: [DRC 23-27] Running DRC with 2 threads
INFO: [Vivado 12-3199] DRC finished with 0 Errors
INFO: [Vivado 12-3200] Please refer to the DRC report (report_drc) for more information.
Loading data files...
Loading site data...
Loading route data...
Processing options...
Creating bitmap...
Creating bitstream...
Writing bitstream ./pwm_generator_system_wrapper.bit...
INFO: [Vivado 12-1842] Bitgen Completed Successfully.
INFO: [Project 1-120] WebTalk data collection is mandatory when using a WebPACK part without a full Vivado license. To see the specific WebTalk data collected for your design, open the usage_statistics_webtalk.html or usage_statistics_webtalk.xml file in the implementation directory.
INFO: [Common 17-186] 'C:/EAAES/assignments/pwm_generation/pwm_generation.runs/impl_1/usage_statistics_webtalk.xml' has been successfully sent to Xilinx on Fri Sep 21 12:20:56 2018. For additional details about this file, please refer to the WebTalk help file at C:/Xilinx/Vivado/2016.4/doc/webtalk_introduction.html.
INFO: [Common 17-83] Releasing license: Implementation
88 Infos, 4 Warnings, 0 Critical Warnings and 0 Errors encountered.
write_bitstream completed successfully
write_bitstream: Time (s): cpu = 00:00:22 ; elapsed = 00:00:25 . Memory (MB): peak = 1434.254 ; gain = 319.246
INFO: [Common 17-206] Exiting Vivado at Fri Sep 21 12:20:57 2018...
