
*** Running vivado
    with args -log pwm_generator_system_mdm_1_1.vds -m64 -product Vivado -mode batch -messageDb vivado.pb -notrace -source pwm_generator_system_mdm_1_1.tcl


****** Vivado v2016.4 (64-bit)
  **** SW Build 1756540 on Mon Jan 23 19:11:23 MST 2017
  **** IP Build 1755317 on Mon Jan 23 20:30:07 MST 2017
    ** Copyright 1986-2016 Xilinx, Inc. All Rights Reserved.

source pwm_generator_system_mdm_1_1.tcl -notrace
Starting RTL Elaboration : Time (s): cpu = 00:00:10 ; elapsed = 00:00:11 . Memory (MB): peak = 305.824 ; gain = 95.719
INFO: [Synth 8-638] synthesizing module 'pwm_generator_system_mdm_1_1' [c:/EAAES/assignments/pwm_generation/pwm_generation.srcs/sources_1/bd/pwm_generator_system/ip/pwm_generator_system_mdm_1_1/synth/pwm_generator_system_mdm_1_1.vhd:74]
INFO: [Synth 8-638] synthesizing module 'MDM' [c:/EAAES/assignments/pwm_generation/pwm_generation.srcs/sources_1/bd/pwm_generator_system/ipshared/71de/hdl/mdm_v3_2_vh_rfs.vhd:13311]
INFO: [Synth 8-638] synthesizing module 'MB_BSCANE2' [c:/EAAES/assignments/pwm_generation/pwm_generation.srcs/sources_1/bd/pwm_generator_system/ipshared/71de/hdl/mdm_v3_2_vh_rfs.vhd:277]
INFO: [Synth 8-256] done synthesizing module 'MB_BSCANE2' (1#1) [c:/EAAES/assignments/pwm_generation/pwm_generation.srcs/sources_1/bd/pwm_generator_system/ipshared/71de/hdl/mdm_v3_2_vh_rfs.vhd:277]
INFO: [Synth 8-638] synthesizing module 'MB_BUFG' [c:/EAAES/assignments/pwm_generation/pwm_generation.srcs/sources_1/bd/pwm_generator_system/ipshared/71de/hdl/mdm_v3_2_vh_rfs.vhd:328]
INFO: [Synth 8-256] done synthesizing module 'MB_BUFG' (2#1) [c:/EAAES/assignments/pwm_generation/pwm_generation.srcs/sources_1/bd/pwm_generator_system/ipshared/71de/hdl/mdm_v3_2_vh_rfs.vhd:328]
INFO: [Synth 8-638] synthesizing module 'MDM_Core' [c:/EAAES/assignments/pwm_generation/pwm_generation.srcs/sources_1/bd/pwm_generator_system/ipshared/71de/hdl/mdm_v3_2_vh_rfs.vhd:6525]
INFO: [Synth 8-638] synthesizing module 'JTAG_CONTROL' [c:/EAAES/assignments/pwm_generation/pwm_generation.srcs/sources_1/bd/pwm_generator_system/ipshared/71de/hdl/mdm_v3_2_vh_rfs.vhd:3101]
INFO: [Synth 8-638] synthesizing module 'MB_FDC_1' [c:/EAAES/assignments/pwm_generation/pwm_generation.srcs/sources_1/bd/pwm_generator_system/ipshared/71de/hdl/mdm_v3_2_vh_rfs.vhd:630]
INFO: [Synth 8-256] done synthesizing module 'MB_FDC_1' (3#1) [c:/EAAES/assignments/pwm_generation/pwm_generation.srcs/sources_1/bd/pwm_generator_system/ipshared/71de/hdl/mdm_v3_2_vh_rfs.vhd:630]
INFO: [Synth 8-638] synthesizing module 'MB_FDRE_1' [c:/EAAES/assignments/pwm_generation/pwm_generation.srcs/sources_1/bd/pwm_generator_system/ipshared/71de/hdl/mdm_v3_2_vh_rfs.vhd:690]
INFO: [Synth 8-256] done synthesizing module 'MB_FDRE_1' (4#1) [c:/EAAES/assignments/pwm_generation/pwm_generation.srcs/sources_1/bd/pwm_generator_system/ipshared/71de/hdl/mdm_v3_2_vh_rfs.vhd:690]
INFO: [Synth 8-638] synthesizing module 'MB_SRL16E' [c:/EAAES/assignments/pwm_generation/pwm_generation.srcs/sources_1/bd/pwm_generator_system/ipshared/71de/hdl/mdm_v3_2_vh_rfs.vhd:758]
INFO: [Synth 8-256] done synthesizing module 'MB_SRL16E' (5#1) [c:/EAAES/assignments/pwm_generation/pwm_generation.srcs/sources_1/bd/pwm_generator_system/ipshared/71de/hdl/mdm_v3_2_vh_rfs.vhd:758]
INFO: [Synth 8-638] synthesizing module 'MB_SRL16E__parameterized1' [c:/EAAES/assignments/pwm_generation/pwm_generation.srcs/sources_1/bd/pwm_generator_system/ipshared/71de/hdl/mdm_v3_2_vh_rfs.vhd:758]
INFO: [Synth 8-256] done synthesizing module 'MB_SRL16E__parameterized1' (5#1) [c:/EAAES/assignments/pwm_generation/pwm_generation.srcs/sources_1/bd/pwm_generator_system/ipshared/71de/hdl/mdm_v3_2_vh_rfs.vhd:758]
INFO: [Synth 8-638] synthesizing module 'MB_SRL16E__parameterized3' [c:/EAAES/assignments/pwm_generation/pwm_generation.srcs/sources_1/bd/pwm_generator_system/ipshared/71de/hdl/mdm_v3_2_vh_rfs.vhd:758]
INFO: [Synth 8-256] done synthesizing module 'MB_SRL16E__parameterized3' (5#1) [c:/EAAES/assignments/pwm_generation/pwm_generation.srcs/sources_1/bd/pwm_generator_system/ipshared/71de/hdl/mdm_v3_2_vh_rfs.vhd:758]
INFO: [Synth 8-638] synthesizing module 'MB_SRL16E__parameterized5' [c:/EAAES/assignments/pwm_generation/pwm_generation.srcs/sources_1/bd/pwm_generator_system/ipshared/71de/hdl/mdm_v3_2_vh_rfs.vhd:758]
INFO: [Synth 8-256] done synthesizing module 'MB_SRL16E__parameterized5' (5#1) [c:/EAAES/assignments/pwm_generation/pwm_generation.srcs/sources_1/bd/pwm_generator_system/ipshared/71de/hdl/mdm_v3_2_vh_rfs.vhd:758]
INFO: [Synth 8-256] done synthesizing module 'JTAG_CONTROL' (6#1) [c:/EAAES/assignments/pwm_generation/pwm_generation.srcs/sources_1/bd/pwm_generator_system/ipshared/71de/hdl/mdm_v3_2_vh_rfs.vhd:3101]
INFO: [Synth 8-256] done synthesizing module 'MDM_Core' (7#1) [c:/EAAES/assignments/pwm_generation/pwm_generation.srcs/sources_1/bd/pwm_generator_system/ipshared/71de/hdl/mdm_v3_2_vh_rfs.vhd:6525]
INFO: [Synth 8-256] done synthesizing module 'MDM' (8#1) [c:/EAAES/assignments/pwm_generation/pwm_generation.srcs/sources_1/bd/pwm_generator_system/ipshared/71de/hdl/mdm_v3_2_vh_rfs.vhd:13311]
INFO: [Synth 8-256] done synthesizing module 'pwm_generator_system_mdm_1_1' (9#1) [c:/EAAES/assignments/pwm_generation/pwm_generation.srcs/sources_1/bd/pwm_generator_system/ip/pwm_generator_system_mdm_1_1/synth/pwm_generator_system_mdm_1_1.vhd:74]
Finished RTL Elaboration : Time (s): cpu = 00:00:14 ; elapsed = 00:00:16 . Memory (MB): peak = 351.672 ; gain = 141.566
Finished RTL Optimization Phase 1 : Time (s): cpu = 00:00:14 ; elapsed = 00:00:16 . Memory (MB): peak = 351.672 ; gain = 141.566
INFO: [Device 21-403] Loading part xc7z010clg400-1
Constraint Validation Runtime : Time (s): cpu = 00:00:00 ; elapsed = 00:00:00.039 . Memory (MB): peak = 654.434 ; gain = 0.000
Finished Constraint Validation : Time (s): cpu = 00:00:27 ; elapsed = 00:00:30 . Memory (MB): peak = 654.434 ; gain = 444.328
Finished Loading Part and Timing Information : Time (s): cpu = 00:00:27 ; elapsed = 00:00:30 . Memory (MB): peak = 654.434 ; gain = 444.328
Finished applying 'set_property' XDC Constraints : Time (s): cpu = 00:00:27 ; elapsed = 00:00:30 . Memory (MB): peak = 654.434 ; gain = 444.328
Finished RTL Optimization Phase 2 : Time (s): cpu = 00:00:28 ; elapsed = 00:00:31 . Memory (MB): peak = 654.434 ; gain = 444.328
Finished Cross Boundary and Area Optimization : Time (s): cpu = 00:00:29 ; elapsed = 00:00:33 . Memory (MB): peak = 654.434 ; gain = 444.328
Finished Applying XDC Timing Constraints : Time (s): cpu = 00:00:43 ; elapsed = 00:00:47 . Memory (MB): peak = 654.434 ; gain = 444.328
Finished Timing Optimization : Time (s): cpu = 00:00:44 ; elapsed = 00:00:48 . Memory (MB): peak = 654.434 ; gain = 444.328
Finished Technology Mapping : Time (s): cpu = 00:00:44 ; elapsed = 00:00:48 . Memory (MB): peak = 654.434 ; gain = 444.328
Finished IO Insertion : Time (s): cpu = 00:00:45 ; elapsed = 00:00:48 . Memory (MB): peak = 654.434 ; gain = 444.328
Finished Renaming Generated Instances : Time (s): cpu = 00:00:45 ; elapsed = 00:00:49 . Memory (MB): peak = 654.434 ; gain = 444.328
Finished Rebuilding User Hierarchy : Time (s): cpu = 00:00:45 ; elapsed = 00:00:49 . Memory (MB): peak = 654.434 ; gain = 444.328
Finished Renaming Generated Ports : Time (s): cpu = 00:00:45 ; elapsed = 00:00:49 . Memory (MB): peak = 654.434 ; gain = 444.328
Finished Handling Custom Attributes : Time (s): cpu = 00:00:45 ; elapsed = 00:00:49 . Memory (MB): peak = 654.434 ; gain = 444.328
Finished Renaming Generated Nets : Time (s): cpu = 00:00:45 ; elapsed = 00:00:49 . Memory (MB): peak = 654.434 ; gain = 444.328

Report Cell Usage: 
+------+--------+------+
|      |Cell    |Count |
+------+--------+------+
|1     |BSCANE2 |     1|
|2     |BUFG    |     1|
|3     |LUT1    |     3|
|4     |LUT2    |    14|
|5     |LUT3    |    29|
|6     |LUT4    |    13|
|7     |LUT5    |    16|
|8     |LUT6    |    34|
|9     |SRL16E  |     7|
|10    |FDCE    |   100|
|11    |FDC_1   |     1|
|12    |FDPE    |     7|
|13    |FDRE    |     3|
|14    |FDRE_1  |     1|
+------+--------+------+
Finished Writing Synthesis Report : Time (s): cpu = 00:00:45 ; elapsed = 00:00:49 . Memory (MB): peak = 654.434 ; gain = 444.328
synth_design: Time (s): cpu = 00:00:45 ; elapsed = 00:00:47 . Memory (MB): peak = 1072.457 ; gain = 843.949
