10:50:15 INFO  : Registering command handlers for SDK TCF services
10:50:17 INFO  : Launching XSCT server: xsct.bat -interactive C:\EAAES\assignments\pwm_generation\pwm_generation.sdk\temp_xsdb_launch_script.tcl
10:50:24 INFO  : XSCT server has started successfully.
10:50:43 INFO  : Successfully done setting XSCT server connection channel  
10:50:43 INFO  : Successfully done setting SDK workspace  
10:50:43 INFO  : Processing command line option -hwspec C:/EAAES/assignments/pwm_generation/pwm_generation.sdk/pwm_generator_system_wrapper.hdf.
10:56:07 INFO  : Connected to target on host '127.0.0.1' and port '3121'.
10:56:09 INFO  : 'targets -set -filter {jtag_cable_name =~ "Digilent Zybo 210279777484A" && level==0} -index 1' command is executed.
10:56:10 INFO  : FPGA configured successfully with bitstream "C:/EAAES/assignments/pwm_generation/pwm_generation.sdk/pwm_generator_system_wrapper_hw_platform_0/pwm_generator_system_wrapper.bit"
10:58:26 INFO  : 'targets -set -filter {jtag_cable_name =~ "Digilent Zybo 210279777484A" && level==0} -index 1' command is executed.
10:58:26 INFO  : 'fpga -state' command is executed.
10:58:30 INFO  : Memory regions updated for context APU
10:58:40 INFO  : Connected to target on host '127.0.0.1' and port '3121'.
10:58:40 INFO  : 'targets -set -filter {jtag_cable_name =~ "Digilent Zybo 210279777484A" && level==0} -index 1' command is executed.
10:58:42 INFO  : FPGA configured successfully with bitstream "C:/EAAES/assignments/pwm_generation/pwm_generation.sdk/pwm_generator_system_wrapper_hw_platform_0/pwm_generator_system_wrapper.bit"
11:02:01 INFO  : Connected to target on host '127.0.0.1' and port '3121'.
11:02:01 INFO  : 'targets -set -filter {jtag_cable_name =~ "Digilent Zybo 210279777484A" && level==0} -index 1' command is executed.
11:02:02 INFO  : FPGA configured successfully with bitstream "C:/EAAES/assignments/pwm_generation/pwm_generation.sdk/pwm_generator_system_wrapper_hw_platform_0/pwm_generator_system_wrapper.bit"
11:02:08 INFO  : 'targets -set -filter {jtag_cable_name =~ "Digilent Zybo 210279777484A" && level==0} -index 1' command is executed.
11:02:08 INFO  : 'fpga -state' command is executed.
11:02:08 INFO  : Connected to target on host '127.0.0.1' and port '3121'.
11:02:08 INFO  : Jtag cable 'Digilent Zybo 210279777484A' is selected.
11:02:08 INFO  : 'jtag frequency' command is executed.
11:02:08 INFO  : Sourcing of 'C:/EAAES/assignments/pwm_generation/pwm_generation.sdk/pwm_generator_system_wrapper_hw_platform_0/ps7_init.tcl' is done.
11:02:08 INFO  : Context for 'APU' is selected.
11:02:08 INFO  : Hardware design information is loaded from 'C:/EAAES/assignments/pwm_generation/pwm_generation.sdk/pwm_generator_system_wrapper_hw_platform_0/system.hdf'.
11:02:08 INFO  : Context for 'APU' is selected.
11:02:08 INFO  : 'stop' command is executed.
11:02:09 INFO  : 'ps7_init' command is executed.
11:02:09 INFO  : 'ps7_post_config' command is executed.
11:02:09 INFO  : Context for processor 'ps7_cortexa9_0' is selected.
11:02:09 INFO  : Processor reset is completed for 'ps7_cortexa9_0'.
11:02:09 INFO  : Context for processor 'ps7_cortexa9_0' is selected.
11:02:09 INFO  : The application 'C:/EAAES/assignments/pwm_generation/pwm_generation.sdk/helloworldApp/Debug/helloworldApp.elf' is downloaded to processor 'ps7_cortexa9_0'.
11:02:09 INFO  : ----------------XSDB Script----------------
connect -url tcp:127.0.0.1:3121
source C:/EAAES/assignments/pwm_generation/pwm_generation.sdk/pwm_generator_system_wrapper_hw_platform_0/ps7_init.tcl
targets -set -nocase -filter {name =~"APU*" && jtag_cable_name =~ "Digilent Zybo 210279777484A"} -index 0
loadhw C:/EAAES/assignments/pwm_generation/pwm_generation.sdk/pwm_generator_system_wrapper_hw_platform_0/system.hdf
targets -set -nocase -filter {name =~"APU*" && jtag_cable_name =~ "Digilent Zybo 210279777484A"} -index 0
stop
ps7_init
ps7_post_config
targets -set -nocase -filter {name =~ "ARM*#0" && jtag_cable_name =~ "Digilent Zybo 210279777484A"} -index 0
rst -processor
targets -set -nocase -filter {name =~ "ARM*#0" && jtag_cable_name =~ "Digilent Zybo 210279777484A"} -index 0
dow C:/EAAES/assignments/pwm_generation/pwm_generation.sdk/helloworldApp/Debug/helloworldApp.elf
----------------End of Script----------------

11:02:09 INFO  : Memory regions updated for context APU
11:02:09 INFO  : Context for processor 'ps7_cortexa9_0' is selected.
11:02:09 INFO  : 'con' command is executed.
11:02:09 INFO  : ----------------XSDB Script (After Launch)----------------
targets -set -nocase -filter {name =~ "ARM*#0" && jtag_cable_name =~ "Digilent Zybo 210279777484A"} -index 0
con
----------------End of Script----------------

11:02:09 INFO  : Launch script is exported to file 'C:\EAAES\assignments\pwm_generation\pwm_generation.sdk\.sdk\launch_scripts\xilinx_c-c++_application_(system_debugger)\system_debugger_using_debug_helloworldapp.elf_on_local.tcl'
11:11:28 INFO  : Disconnected from the channel tcfchan#1.
11:11:29 INFO  : 'targets -set -filter {jtag_cable_name =~ "Digilent Zybo 210279777484A" && level==0} -index 1' command is executed.
11:11:29 INFO  : 'fpga -state' command is executed.
11:11:29 INFO  : Connected to target on host '127.0.0.1' and port '3121'.
11:11:29 INFO  : Jtag cable 'Digilent Zybo 210279777484A' is selected.
11:11:29 INFO  : 'jtag frequency' command is executed.
11:11:29 INFO  : Sourcing of 'C:/EAAES/assignments/pwm_generation/pwm_generation.sdk/pwm_generator_system_wrapper_hw_platform_0/ps7_init.tcl' is done.
11:11:29 INFO  : Context for 'APU' is selected.
11:11:32 INFO  : Hardware design information is loaded from 'C:/EAAES/assignments/pwm_generation/pwm_generation.sdk/pwm_generator_system_wrapper_hw_platform_0/system.hdf'.
11:11:32 INFO  : Context for 'APU' is selected.
11:11:32 INFO  : 'stop' command is executed.
11:11:32 INFO  : 'ps7_init' command is executed.
11:11:32 INFO  : 'ps7_post_config' command is executed.
11:11:32 INFO  : Context for processor 'ps7_cortexa9_0' is selected.
11:11:32 INFO  : Processor reset is completed for 'ps7_cortexa9_0'.
11:11:33 INFO  : Context for processor 'ps7_cortexa9_0' is selected.
11:11:33 INFO  : The application 'C:/EAAES/assignments/pwm_generation/pwm_generation.sdk/helloworldApp/Debug/helloworldApp.elf' is downloaded to processor 'ps7_cortexa9_0'.
11:11:33 INFO  : ----------------XSDB Script----------------
connect -url tcp:127.0.0.1:3121
source C:/EAAES/assignments/pwm_generation/pwm_generation.sdk/pwm_generator_system_wrapper_hw_platform_0/ps7_init.tcl
targets -set -nocase -filter {name =~"APU*" && jtag_cable_name =~ "Digilent Zybo 210279777484A"} -index 0
loadhw C:/EAAES/assignments/pwm_generation/pwm_generation.sdk/pwm_generator_system_wrapper_hw_platform_0/system.hdf
targets -set -nocase -filter {name =~"APU*" && jtag_cable_name =~ "Digilent Zybo 210279777484A"} -index 0
stop
ps7_init
ps7_post_config
targets -set -nocase -filter {name =~ "ARM*#0" && jtag_cable_name =~ "Digilent Zybo 210279777484A"} -index 0
rst -processor
targets -set -nocase -filter {name =~ "ARM*#0" && jtag_cable_name =~ "Digilent Zybo 210279777484A"} -index 0
dow C:/EAAES/assignments/pwm_generation/pwm_generation.sdk/helloworldApp/Debug/helloworldApp.elf
----------------End of Script----------------

11:11:33 INFO  : Memory regions updated for context APU
11:11:33 INFO  : Context for processor 'ps7_cortexa9_0' is selected.
11:11:33 INFO  : 'con' command is executed.
11:11:33 INFO  : ----------------XSDB Script (After Launch)----------------
targets -set -nocase -filter {name =~ "ARM*#0" && jtag_cable_name =~ "Digilent Zybo 210279777484A"} -index 0
con
----------------End of Script----------------

11:11:33 INFO  : Launch script is exported to file 'C:\EAAES\assignments\pwm_generation\pwm_generation.sdk\.sdk\launch_scripts\xilinx_c-c++_application_(system_debugger)\system_debugger_using_debug_helloworldapp.elf_on_local.tcl'
11:11:55 INFO  : Disconnected from the channel tcfchan#2.
11:11:57 INFO  : 'targets -set -filter {jtag_cable_name =~ "Digilent Zybo 210279777484A" && level==0} -index 1' command is executed.
11:11:57 INFO  : 'fpga -state' command is executed.
11:11:57 INFO  : Connected to target on host '127.0.0.1' and port '3121'.
11:11:57 INFO  : Jtag cable 'Digilent Zybo 210279777484A' is selected.
11:11:57 INFO  : 'jtag frequency' command is executed.
11:11:57 INFO  : Sourcing of 'C:/EAAES/assignments/pwm_generation/pwm_generation.sdk/pwm_generator_system_wrapper_hw_platform_0/ps7_init.tcl' is done.
11:11:57 INFO  : Context for 'APU' is selected.
11:12:00 INFO  : Hardware design information is loaded from 'C:/EAAES/assignments/pwm_generation/pwm_generation.sdk/pwm_generator_system_wrapper_hw_platform_0/system.hdf'.
11:12:00 INFO  : Context for 'APU' is selected.
11:12:00 INFO  : 'stop' command is executed.
11:12:00 INFO  : 'ps7_init' command is executed.
11:12:00 INFO  : 'ps7_post_config' command is executed.
11:12:00 INFO  : Context for processor 'ps7_cortexa9_0' is selected.
11:12:00 INFO  : Processor reset is completed for 'ps7_cortexa9_0'.
11:12:00 INFO  : Context for processor 'ps7_cortexa9_0' is selected.
11:12:00 INFO  : The application 'C:/EAAES/assignments/pwm_generation/pwm_generation.sdk/helloworldApp/Debug/helloworldApp.elf' is downloaded to processor 'ps7_cortexa9_0'.
11:12:00 INFO  : ----------------XSDB Script----------------
connect -url tcp:127.0.0.1:3121
source C:/EAAES/assignments/pwm_generation/pwm_generation.sdk/pwm_generator_system_wrapper_hw_platform_0/ps7_init.tcl
targets -set -nocase -filter {name =~"APU*" && jtag_cable_name =~ "Digilent Zybo 210279777484A"} -index 0
loadhw C:/EAAES/assignments/pwm_generation/pwm_generation.sdk/pwm_generator_system_wrapper_hw_platform_0/system.hdf
targets -set -nocase -filter {name =~"APU*" && jtag_cable_name =~ "Digilent Zybo 210279777484A"} -index 0
stop
ps7_init
ps7_post_config
targets -set -nocase -filter {name =~ "ARM*#0" && jtag_cable_name =~ "Digilent Zybo 210279777484A"} -index 0
rst -processor
targets -set -nocase -filter {name =~ "ARM*#0" && jtag_cable_name =~ "Digilent Zybo 210279777484A"} -index 0
dow C:/EAAES/assignments/pwm_generation/pwm_generation.sdk/helloworldApp/Debug/helloworldApp.elf
----------------End of Script----------------

11:12:00 INFO  : Memory regions updated for context APU
11:12:01 INFO  : Context for processor 'ps7_cortexa9_0' is selected.
11:12:01 INFO  : 'con' command is executed.
11:12:01 INFO  : ----------------XSDB Script (After Launch)----------------
targets -set -nocase -filter {name =~ "ARM*#0" && jtag_cable_name =~ "Digilent Zybo 210279777484A"} -index 0
con
----------------End of Script----------------

11:12:01 INFO  : Launch script is exported to file 'C:\EAAES\assignments\pwm_generation\pwm_generation.sdk\.sdk\launch_scripts\xilinx_c-c++_application_(system_debugger)\system_debugger_using_debug_helloworldapp.elf_on_local.tcl'
11:13:30 INFO  : Disconnected from the channel tcfchan#3.
11:13:31 INFO  : 'targets -set -filter {jtag_cable_name =~ "Digilent Zybo 210279777484A" && level==0} -index 1' command is executed.
11:13:31 INFO  : 'fpga -state' command is executed.
11:13:31 INFO  : Connected to target on host '127.0.0.1' and port '3121'.
11:13:32 INFO  : Jtag cable 'Digilent Zybo 210279777484A' is selected.
11:13:32 INFO  : 'jtag frequency' command is executed.
11:13:32 INFO  : Sourcing of 'C:/EAAES/assignments/pwm_generation/pwm_generation.sdk/pwm_generator_system_wrapper_hw_platform_0/ps7_init.tcl' is done.
11:13:32 INFO  : Context for 'APU' is selected.
11:13:34 INFO  : Hardware design information is loaded from 'C:/EAAES/assignments/pwm_generation/pwm_generation.sdk/pwm_generator_system_wrapper_hw_platform_0/system.hdf'.
11:13:34 INFO  : Context for 'APU' is selected.
11:13:34 INFO  : 'stop' command is executed.
11:13:35 INFO  : 'ps7_init' command is executed.
11:13:35 INFO  : 'ps7_post_config' command is executed.
11:13:35 INFO  : Context for processor 'ps7_cortexa9_0' is selected.
11:13:35 INFO  : Processor reset is completed for 'ps7_cortexa9_0'.
11:13:35 INFO  : Context for processor 'ps7_cortexa9_0' is selected.
11:13:35 INFO  : The application 'C:/EAAES/assignments/pwm_generation/pwm_generation.sdk/helloworldApp/Debug/helloworldApp.elf' is downloaded to processor 'ps7_cortexa9_0'.
11:13:35 INFO  : ----------------XSDB Script----------------
connect -url tcp:127.0.0.1:3121
source C:/EAAES/assignments/pwm_generation/pwm_generation.sdk/pwm_generator_system_wrapper_hw_platform_0/ps7_init.tcl
targets -set -nocase -filter {name =~"APU*" && jtag_cable_name =~ "Digilent Zybo 210279777484A"} -index 0
loadhw C:/EAAES/assignments/pwm_generation/pwm_generation.sdk/pwm_generator_system_wrapper_hw_platform_0/system.hdf
targets -set -nocase -filter {name =~"APU*" && jtag_cable_name =~ "Digilent Zybo 210279777484A"} -index 0
stop
ps7_init
ps7_post_config
targets -set -nocase -filter {name =~ "ARM*#0" && jtag_cable_name =~ "Digilent Zybo 210279777484A"} -index 0
rst -processor
targets -set -nocase -filter {name =~ "ARM*#0" && jtag_cable_name =~ "Digilent Zybo 210279777484A"} -index 0
dow C:/EAAES/assignments/pwm_generation/pwm_generation.sdk/helloworldApp/Debug/helloworldApp.elf
----------------End of Script----------------

11:13:35 INFO  : Memory regions updated for context APU
11:13:35 INFO  : Context for processor 'ps7_cortexa9_0' is selected.
11:13:35 INFO  : 'con' command is executed.
11:13:35 INFO  : ----------------XSDB Script (After Launch)----------------
targets -set -nocase -filter {name =~ "ARM*#0" && jtag_cable_name =~ "Digilent Zybo 210279777484A"} -index 0
con
----------------End of Script----------------

11:13:35 INFO  : Launch script is exported to file 'C:\EAAES\assignments\pwm_generation\pwm_generation.sdk\.sdk\launch_scripts\xilinx_c-c++_application_(system_debugger)\system_debugger_using_debug_helloworldapp.elf_on_local.tcl'
11:14:24 INFO  : Disconnected from the channel tcfchan#4.
11:14:25 INFO  : 'targets -set -filter {jtag_cable_name =~ "Digilent Zybo 210279777484A" && level==0} -index 1' command is executed.
11:14:25 INFO  : 'fpga -state' command is executed.
11:14:25 INFO  : Connected to target on host '127.0.0.1' and port '3121'.
11:14:26 INFO  : Jtag cable 'Digilent Zybo 210279777484A' is selected.
11:14:26 INFO  : 'jtag frequency' command is executed.
11:14:26 INFO  : Sourcing of 'C:/EAAES/assignments/pwm_generation/pwm_generation.sdk/pwm_generator_system_wrapper_hw_platform_0/ps7_init.tcl' is done.
11:14:26 INFO  : Context for 'APU' is selected.
11:14:28 INFO  : Hardware design information is loaded from 'C:/EAAES/assignments/pwm_generation/pwm_generation.sdk/pwm_generator_system_wrapper_hw_platform_0/system.hdf'.
11:14:28 INFO  : Context for 'APU' is selected.
11:14:28 INFO  : 'stop' command is executed.
11:14:29 INFO  : 'ps7_init' command is executed.
11:14:29 INFO  : 'ps7_post_config' command is executed.
11:14:29 INFO  : Context for processor 'ps7_cortexa9_0' is selected.
11:14:29 INFO  : Processor reset is completed for 'ps7_cortexa9_0'.
11:14:29 INFO  : Context for processor 'ps7_cortexa9_0' is selected.
11:14:29 INFO  : The application 'C:/EAAES/assignments/pwm_generation/pwm_generation.sdk/helloworldApp/Debug/helloworldApp.elf' is downloaded to processor 'ps7_cortexa9_0'.
11:14:29 INFO  : ----------------XSDB Script----------------
connect -url tcp:127.0.0.1:3121
source C:/EAAES/assignments/pwm_generation/pwm_generation.sdk/pwm_generator_system_wrapper_hw_platform_0/ps7_init.tcl
targets -set -nocase -filter {name =~"APU*" && jtag_cable_name =~ "Digilent Zybo 210279777484A"} -index 0
loadhw C:/EAAES/assignments/pwm_generation/pwm_generation.sdk/pwm_generator_system_wrapper_hw_platform_0/system.hdf
targets -set -nocase -filter {name =~"APU*" && jtag_cable_name =~ "Digilent Zybo 210279777484A"} -index 0
stop
ps7_init
ps7_post_config
targets -set -nocase -filter {name =~ "ARM*#0" && jtag_cable_name =~ "Digilent Zybo 210279777484A"} -index 0
rst -processor
targets -set -nocase -filter {name =~ "ARM*#0" && jtag_cable_name =~ "Digilent Zybo 210279777484A"} -index 0
dow C:/EAAES/assignments/pwm_generation/pwm_generation.sdk/helloworldApp/Debug/helloworldApp.elf
----------------End of Script----------------

11:14:29 INFO  : Memory regions updated for context APU
11:14:29 INFO  : Context for processor 'ps7_cortexa9_0' is selected.
11:14:29 INFO  : 'con' command is executed.
11:14:29 INFO  : ----------------XSDB Script (After Launch)----------------
targets -set -nocase -filter {name =~ "ARM*#0" && jtag_cable_name =~ "Digilent Zybo 210279777484A"} -index 0
con
----------------End of Script----------------

11:14:29 INFO  : Launch script is exported to file 'C:\EAAES\assignments\pwm_generation\pwm_generation.sdk\.sdk\launch_scripts\xilinx_c-c++_application_(system_debugger)\system_debugger_using_debug_helloworldapp.elf_on_local.tcl'
11:15:17 INFO  : Disconnected from the channel tcfchan#5.
11:15:18 INFO  : 'targets -set -filter {jtag_cable_name =~ "Digilent Zybo 210279777484A" && level==0} -index 1' command is executed.
11:15:18 INFO  : 'fpga -state' command is executed.
11:15:18 INFO  : Connected to target on host '127.0.0.1' and port '3121'.
11:15:19 INFO  : Jtag cable 'Digilent Zybo 210279777484A' is selected.
11:15:19 INFO  : 'jtag frequency' command is executed.
11:15:19 INFO  : Sourcing of 'C:/EAAES/assignments/pwm_generation/pwm_generation.sdk/pwm_generator_system_wrapper_hw_platform_0/ps7_init.tcl' is done.
11:15:19 INFO  : Context for 'APU' is selected.
11:15:21 INFO  : Hardware design information is loaded from 'C:/EAAES/assignments/pwm_generation/pwm_generation.sdk/pwm_generator_system_wrapper_hw_platform_0/system.hdf'.
11:15:21 INFO  : Context for 'APU' is selected.
11:15:21 INFO  : 'stop' command is executed.
11:15:21 INFO  : 'ps7_init' command is executed.
11:15:21 INFO  : 'ps7_post_config' command is executed.
11:15:22 INFO  : Context for processor 'ps7_cortexa9_0' is selected.
11:15:22 INFO  : Processor reset is completed for 'ps7_cortexa9_0'.
11:15:22 INFO  : Context for processor 'ps7_cortexa9_0' is selected.
11:15:22 INFO  : The application 'C:/EAAES/assignments/pwm_generation/pwm_generation.sdk/helloworldApp/Debug/helloworldApp.elf' is downloaded to processor 'ps7_cortexa9_0'.
11:15:22 INFO  : ----------------XSDB Script----------------
connect -url tcp:127.0.0.1:3121
source C:/EAAES/assignments/pwm_generation/pwm_generation.sdk/pwm_generator_system_wrapper_hw_platform_0/ps7_init.tcl
targets -set -nocase -filter {name =~"APU*" && jtag_cable_name =~ "Digilent Zybo 210279777484A"} -index 0
loadhw C:/EAAES/assignments/pwm_generation/pwm_generation.sdk/pwm_generator_system_wrapper_hw_platform_0/system.hdf
targets -set -nocase -filter {name =~"APU*" && jtag_cable_name =~ "Digilent Zybo 210279777484A"} -index 0
stop
ps7_init
ps7_post_config
targets -set -nocase -filter {name =~ "ARM*#0" && jtag_cable_name =~ "Digilent Zybo 210279777484A"} -index 0
rst -processor
targets -set -nocase -filter {name =~ "ARM*#0" && jtag_cable_name =~ "Digilent Zybo 210279777484A"} -index 0
dow C:/EAAES/assignments/pwm_generation/pwm_generation.sdk/helloworldApp/Debug/helloworldApp.elf
----------------End of Script----------------

11:15:22 INFO  : Memory regions updated for context APU
11:15:22 INFO  : Context for processor 'ps7_cortexa9_0' is selected.
11:15:22 INFO  : 'con' command is executed.
11:15:22 INFO  : ----------------XSDB Script (After Launch)----------------
targets -set -nocase -filter {name =~ "ARM*#0" && jtag_cable_name =~ "Digilent Zybo 210279777484A"} -index 0
con
----------------End of Script----------------

11:15:22 INFO  : Launch script is exported to file 'C:\EAAES\assignments\pwm_generation\pwm_generation.sdk\.sdk\launch_scripts\xilinx_c-c++_application_(system_debugger)\system_debugger_using_debug_helloworldapp.elf_on_local.tcl'
11:55:13 INFO  : Disconnected from the channel tcfchan#6.
12:23:06 INFO  : Registering command handlers for SDK TCF services
12:23:07 INFO  : Launching XSCT server: xsct.bat -interactive C:\EAAES\assignments\pwm_generation\pwm_generation.sdk\temp_xsdb_launch_script.tcl
12:23:13 INFO  : XSCT server has started successfully.
12:23:13 INFO  : Successfully done setting XSCT server connection channel  
12:23:28 INFO  : Successfully done setting SDK workspace  
12:23:28 INFO  : Processing command line option -hwspec C:/EAAES/assignments/pwm_generation/pwm_generation.sdk/pwm_generator_system_wrapper.hdf.
12:23:28 INFO  : Checking for hwspec changes in the project pwm_generator_system_wrapper_hw_platform_0.
12:23:54 INFO  : Registering command handlers for SDK TCF services
12:23:54 INFO  : Launching XSCT server: xsct.bat -interactive C:\EAAES\assignments\pwm_generation\pwm_generation.sdk\temp_xsdb_launch_script.tcl
12:23:57 INFO  : XSCT server has started successfully.
12:23:58 INFO  : Processing command line option -hwspec C:/EAAES/assignments/pwm_generation/pwm_generation.sdk/pwm_generator_system_wrapper.hdf.
12:23:58 INFO  : Successfully done setting XSCT server connection channel  
12:23:58 INFO  : Checking for hwspec changes in the project pwm_generator_system_wrapper_hw_platform_0.
12:23:58 INFO  : Successfully done setting SDK workspace  
12:26:09 INFO  : Connected to target on host '127.0.0.1' and port '3121'.
12:26:10 INFO  : 'targets -set -filter {jtag_cable_name =~ "Digilent Zybo 210279777484A" && level==0} -index 1' command is executed.
12:26:11 INFO  : FPGA configured successfully with bitstream "C:/EAAES/assignments/pwm_generation/pwm_generation.sdk/pwm_generator_system_wrapper_hw_platform_0/pwm_generator_system_wrapper.bit"
12:26:27 INFO  : 'targets -set -filter {jtag_cable_name =~ "Digilent Zybo 210279777484A" && level==0} -index 1' command is executed.
12:26:27 INFO  : 'fpga -state' command is executed.
12:26:27 INFO  : Connected to target on host '127.0.0.1' and port '3121'.
12:26:28 INFO  : Jtag cable 'Digilent Zybo 210279777484A' is selected.
12:26:28 INFO  : 'jtag frequency' command is executed.
12:26:28 INFO  : Sourcing of 'C:/EAAES/assignments/pwm_generation/pwm_generation.sdk/pwm_generator_system_wrapper_hw_platform_0/ps7_init.tcl' is done.
12:26:28 INFO  : Context for 'APU' is selected.
12:26:28 INFO  : Hardware design information is loaded from 'C:/EAAES/assignments/pwm_generation/pwm_generation.sdk/pwm_generator_system_wrapper_hw_platform_0/system.hdf'.
12:26:28 INFO  : Context for 'APU' is selected.
12:26:28 INFO  : 'stop' command is executed.
12:26:28 INFO  : 'ps7_init' command is executed.
12:26:28 INFO  : 'ps7_post_config' command is executed.
12:26:28 INFO  : Context for processor 'ps7_cortexa9_0' is selected.
12:26:29 INFO  : Processor reset is completed for 'ps7_cortexa9_0'.
12:26:29 INFO  : Context for processor 'ps7_cortexa9_0' is selected.
12:26:29 INFO  : The application 'C:/EAAES/assignments/pwm_generation/pwm_generation.sdk/helloworldApp/Debug/helloworldApp.elf' is downloaded to processor 'ps7_cortexa9_0'.
12:26:29 INFO  : ----------------XSDB Script----------------
connect -url tcp:127.0.0.1:3121
source C:/EAAES/assignments/pwm_generation/pwm_generation.sdk/pwm_generator_system_wrapper_hw_platform_0/ps7_init.tcl
targets -set -nocase -filter {name =~"APU*" && jtag_cable_name =~ "Digilent Zybo 210279777484A"} -index 0
loadhw C:/EAAES/assignments/pwm_generation/pwm_generation.sdk/pwm_generator_system_wrapper_hw_platform_0/system.hdf
targets -set -nocase -filter {name =~"APU*" && jtag_cable_name =~ "Digilent Zybo 210279777484A"} -index 0
stop
ps7_init
ps7_post_config
targets -set -nocase -filter {name =~ "ARM*#0" && jtag_cable_name =~ "Digilent Zybo 210279777484A"} -index 0
rst -processor
targets -set -nocase -filter {name =~ "ARM*#0" && jtag_cable_name =~ "Digilent Zybo 210279777484A"} -index 0
dow C:/EAAES/assignments/pwm_generation/pwm_generation.sdk/helloworldApp/Debug/helloworldApp.elf
----------------End of Script----------------

12:26:29 INFO  : Memory regions updated for context APU
12:26:29 INFO  : Context for processor 'ps7_cortexa9_0' is selected.
12:26:29 INFO  : 'con' command is executed.
12:26:29 INFO  : ----------------XSDB Script (After Launch)----------------
targets -set -nocase -filter {name =~ "ARM*#0" && jtag_cable_name =~ "Digilent Zybo 210279777484A"} -index 0
con
----------------End of Script----------------

12:26:29 INFO  : Launch script is exported to file 'C:\EAAES\assignments\pwm_generation\pwm_generation.sdk\.sdk\launch_scripts\xilinx_c-c++_application_(system_debugger)\system_debugger_using_debug_helloworldapp.elf_on_local.tcl'
12:26:49 INFO  : Disconnected from the channel tcfchan#1.
12:26:51 INFO  : 'targets -set -filter {jtag_cable_name =~ "Digilent Zybo 210279777484A" && level==0} -index 1' command is executed.
12:26:51 INFO  : 'fpga -state' command is executed.
12:26:51 INFO  : Connected to target on host '127.0.0.1' and port '3121'.
12:26:51 INFO  : Jtag cable 'Digilent Zybo 210279777484A' is selected.
12:26:51 INFO  : 'jtag frequency' command is executed.
12:26:51 INFO  : Sourcing of 'C:/EAAES/assignments/pwm_generation/pwm_generation.sdk/pwm_generator_system_wrapper_hw_platform_0/ps7_init.tcl' is done.
12:26:51 INFO  : Context for 'APU' is selected.
12:26:54 INFO  : Hardware design information is loaded from 'C:/EAAES/assignments/pwm_generation/pwm_generation.sdk/pwm_generator_system_wrapper_hw_platform_0/system.hdf'.
12:26:54 INFO  : Context for 'APU' is selected.
12:26:54 INFO  : 'stop' command is executed.
12:26:54 INFO  : 'ps7_init' command is executed.
12:26:54 INFO  : 'ps7_post_config' command is executed.
12:26:54 INFO  : Context for processor 'ps7_cortexa9_0' is selected.
12:26:54 INFO  : Processor reset is completed for 'ps7_cortexa9_0'.
12:26:54 INFO  : Context for processor 'ps7_cortexa9_0' is selected.
12:26:54 INFO  : The application 'C:/EAAES/assignments/pwm_generation/pwm_generation.sdk/helloworldApp/Debug/helloworldApp.elf' is downloaded to processor 'ps7_cortexa9_0'.
12:26:54 INFO  : ----------------XSDB Script----------------
connect -url tcp:127.0.0.1:3121
source C:/EAAES/assignments/pwm_generation/pwm_generation.sdk/pwm_generator_system_wrapper_hw_platform_0/ps7_init.tcl
targets -set -nocase -filter {name =~"APU*" && jtag_cable_name =~ "Digilent Zybo 210279777484A"} -index 0
loadhw C:/EAAES/assignments/pwm_generation/pwm_generation.sdk/pwm_generator_system_wrapper_hw_platform_0/system.hdf
targets -set -nocase -filter {name =~"APU*" && jtag_cable_name =~ "Digilent Zybo 210279777484A"} -index 0
stop
ps7_init
ps7_post_config
targets -set -nocase -filter {name =~ "ARM*#0" && jtag_cable_name =~ "Digilent Zybo 210279777484A"} -index 0
rst -processor
targets -set -nocase -filter {name =~ "ARM*#0" && jtag_cable_name =~ "Digilent Zybo 210279777484A"} -index 0
dow C:/EAAES/assignments/pwm_generation/pwm_generation.sdk/helloworldApp/Debug/helloworldApp.elf
----------------End of Script----------------

12:26:54 INFO  : Memory regions updated for context APU
12:26:55 INFO  : Context for processor 'ps7_cortexa9_0' is selected.
12:26:55 INFO  : 'con' command is executed.
12:26:55 INFO  : ----------------XSDB Script (After Launch)----------------
targets -set -nocase -filter {name =~ "ARM*#0" && jtag_cable_name =~ "Digilent Zybo 210279777484A"} -index 0
con
----------------End of Script----------------

12:26:55 INFO  : Launch script is exported to file 'C:\EAAES\assignments\pwm_generation\pwm_generation.sdk\.sdk\launch_scripts\xilinx_c-c++_application_(system_debugger)\system_debugger_using_debug_helloworldapp.elf_on_local.tcl'
12:27:14 INFO  : SDK has detected change in the last modified timestamps for source hardware specification file Source:1537525257312,  Project:1537519651973
12:27:14 INFO  : Project pwm_generator_system_wrapper_hw_platform_0's source hardware specification located at C:/EAAES/assignments/pwm_generation/pwm_generation.sdk/pwm_generator_system_wrapper.hdf is now different from the local copy.
		 The local copy will be replaced with the source specification and your workspace will be updated.
12:27:17 INFO  : Copied contents of C:/EAAES/assignments/pwm_generation/pwm_generation.sdk/pwm_generator_system_wrapper.hdf into \pwm_generator_system_wrapper_hw_platform_0\system.hdf.
12:27:22 INFO  : Synchronizing projects in the workspace with the hardware platform specification changes.
12:27:39 INFO  : 
12:27:40 INFO  : Updating hardware inferred compiler options for helloworldApp.
12:27:40 INFO  : Clearing existing target manager status.
12:28:22 INFO  : Connected to target on host '127.0.0.1' and port '3121'.
12:28:22 INFO  : 'targets -set -filter {jtag_cable_name =~ "Digilent Zybo 210279777484A" && level==0} -index 1' command is executed.
12:28:23 INFO  : FPGA configured successfully with bitstream "C:/EAAES/assignments/pwm_generation/pwm_generation.sdk/pwm_generator_system_wrapper_hw_platform_0/pwm_generator_system_wrapper.bit"
12:28:47 INFO  : Disconnected from the channel tcfchan#2.
12:28:52 ERROR : no targets found with "jtag_cable_name =~ "Digilent Zybo 210279777484A" && level==0". available targets: none
12:29:05 INFO  : 'targets -set -filter {jtag_cable_name =~ "Digilent Zybo 210279777484A" && level==0} -index 1' command is executed.
12:29:05 INFO  : 'fpga -state' command is executed.
12:29:05 INFO  : Connected to target on host '127.0.0.1' and port '3121'.
12:29:05 INFO  : Jtag cable 'Digilent Zybo 210279777484A' is selected.
12:29:05 INFO  : 'jtag frequency' command is executed.
12:29:05 INFO  : Sourcing of 'C:/EAAES/assignments/pwm_generation/pwm_generation.sdk/pwm_generator_system_wrapper_hw_platform_0/ps7_init.tcl' is done.
12:29:05 INFO  : Context for 'APU' is selected.
12:29:05 INFO  : Hardware design information is loaded from 'C:/EAAES/assignments/pwm_generation/pwm_generation.sdk/pwm_generator_system_wrapper_hw_platform_0/system.hdf'.
12:29:05 INFO  : Context for 'APU' is selected.
12:29:05 INFO  : 'stop' command is executed.
12:29:06 INFO  : 'ps7_init' command is executed.
12:29:06 INFO  : 'ps7_post_config' command is executed.
12:29:06 INFO  : Context for processor 'ps7_cortexa9_0' is selected.
12:29:06 INFO  : Processor reset is completed for 'ps7_cortexa9_0'.
12:29:06 INFO  : Context for processor 'ps7_cortexa9_0' is selected.
12:29:06 INFO  : The application 'C:/EAAES/assignments/pwm_generation/pwm_generation.sdk/helloworldApp/Debug/helloworldApp.elf' is downloaded to processor 'ps7_cortexa9_0'.
12:29:06 INFO  : ----------------XSDB Script----------------
connect -url tcp:127.0.0.1:3121
source C:/EAAES/assignments/pwm_generation/pwm_generation.sdk/pwm_generator_system_wrapper_hw_platform_0/ps7_init.tcl
targets -set -nocase -filter {name =~"APU*" && jtag_cable_name =~ "Digilent Zybo 210279777484A"} -index 0
loadhw C:/EAAES/assignments/pwm_generation/pwm_generation.sdk/pwm_generator_system_wrapper_hw_platform_0/system.hdf
targets -set -nocase -filter {name =~"APU*" && jtag_cable_name =~ "Digilent Zybo 210279777484A"} -index 0
stop
ps7_init
ps7_post_config
targets -set -nocase -filter {name =~ "ARM*#0" && jtag_cable_name =~ "Digilent Zybo 210279777484A"} -index 0
rst -processor
targets -set -nocase -filter {name =~ "ARM*#0" && jtag_cable_name =~ "Digilent Zybo 210279777484A"} -index 0
dow C:/EAAES/assignments/pwm_generation/pwm_generation.sdk/helloworldApp/Debug/helloworldApp.elf
----------------End of Script----------------

12:29:06 INFO  : Memory regions updated for context APU
12:29:06 INFO  : Context for processor 'ps7_cortexa9_0' is selected.
12:29:06 INFO  : 'con' command is executed.
12:29:06 INFO  : ----------------XSDB Script (After Launch)----------------
targets -set -nocase -filter {name =~ "ARM*#0" && jtag_cable_name =~ "Digilent Zybo 210279777484A"} -index 0
con
----------------End of Script----------------

12:29:06 INFO  : Launch script is exported to file 'C:\EAAES\assignments\pwm_generation\pwm_generation.sdk\.sdk\launch_scripts\xilinx_c-c++_application_(system_debugger)\system_debugger_using_debug_helloworldapp.elf_on_local.tcl'
12:35:26 INFO  : Disconnected from the channel tcfchan#3.
12:35:27 INFO  : 'targets -set -filter {jtag_cable_name =~ "Digilent Zybo 210279777484A" && level==0} -index 1' command is executed.
12:35:27 INFO  : 'fpga -state' command is executed.
12:35:29 INFO  : Connected to target on host '127.0.0.1' and port '3121'.
12:35:29 INFO  : Jtag cable 'Digilent Zybo 210279777484A' is selected.
12:35:29 INFO  : 'jtag frequency' command is executed.
12:35:29 INFO  : Sourcing of 'C:/EAAES/assignments/pwm_generation/pwm_generation.sdk/pwm_generator_system_wrapper_hw_platform_0/ps7_init.tcl' is done.
12:35:29 INFO  : Context for 'APU' is selected.
12:35:32 INFO  : Hardware design information is loaded from 'C:/EAAES/assignments/pwm_generation/pwm_generation.sdk/pwm_generator_system_wrapper_hw_platform_0/system.hdf'.
12:35:32 INFO  : Context for 'APU' is selected.
12:35:32 INFO  : 'stop' command is executed.
12:35:32 INFO  : 'ps7_init' command is executed.
12:35:32 INFO  : 'ps7_post_config' command is executed.
12:35:32 INFO  : Context for processor 'ps7_cortexa9_0' is selected.
12:35:32 INFO  : Processor reset is completed for 'ps7_cortexa9_0'.
12:35:32 INFO  : Context for processor 'ps7_cortexa9_0' is selected.
12:35:33 INFO  : The application 'C:/EAAES/assignments/pwm_generation/pwm_generation.sdk/helloworldApp/Debug/helloworldApp.elf' is downloaded to processor 'ps7_cortexa9_0'.
12:35:33 INFO  : ----------------XSDB Script----------------
connect -url tcp:127.0.0.1:3121
source C:/EAAES/assignments/pwm_generation/pwm_generation.sdk/pwm_generator_system_wrapper_hw_platform_0/ps7_init.tcl
targets -set -nocase -filter {name =~"APU*" && jtag_cable_name =~ "Digilent Zybo 210279777484A"} -index 0
loadhw C:/EAAES/assignments/pwm_generation/pwm_generation.sdk/pwm_generator_system_wrapper_hw_platform_0/system.hdf
targets -set -nocase -filter {name =~"APU*" && jtag_cable_name =~ "Digilent Zybo 210279777484A"} -index 0
stop
ps7_init
ps7_post_config
targets -set -nocase -filter {name =~ "ARM*#0" && jtag_cable_name =~ "Digilent Zybo 210279777484A"} -index 0
rst -processor
targets -set -nocase -filter {name =~ "ARM*#0" && jtag_cable_name =~ "Digilent Zybo 210279777484A"} -index 0
dow C:/EAAES/assignments/pwm_generation/pwm_generation.sdk/helloworldApp/Debug/helloworldApp.elf
----------------End of Script----------------

12:35:33 INFO  : Memory regions updated for context APU
12:35:33 INFO  : Context for processor 'ps7_cortexa9_0' is selected.
12:35:33 INFO  : 'con' command is executed.
12:35:33 INFO  : ----------------XSDB Script (After Launch)----------------
targets -set -nocase -filter {name =~ "ARM*#0" && jtag_cable_name =~ "Digilent Zybo 210279777484A"} -index 0
con
----------------End of Script----------------

12:35:33 INFO  : Launch script is exported to file 'C:\EAAES\assignments\pwm_generation\pwm_generation.sdk\.sdk\launch_scripts\xilinx_c-c++_application_(system_debugger)\system_debugger_using_debug_helloworldapp.elf_on_local.tcl'
12:37:12 INFO  : Connected to target on host '127.0.0.1' and port '3121'.
12:37:12 INFO  : 'targets -set -filter {jtag_cable_name =~ "Digilent Zybo 210279777484A" && level==0} -index 1' command is executed.
12:37:13 INFO  : FPGA configured successfully with bitstream "C:/EAAES/assignments/pwm_generation/pwm_generation.sdk/pwm_generator_system_wrapper_hw_platform_0/pwm_generator_system_wrapper.bit"
12:37:20 INFO  : Disconnected from the channel tcfchan#4.
12:37:21 INFO  : 'targets -set -filter {jtag_cable_name =~ "Digilent Zybo 210279777484A" && level==0} -index 1' command is executed.
12:37:21 INFO  : 'fpga -state' command is executed.
12:37:21 INFO  : Connected to target on host '127.0.0.1' and port '3121'.
12:37:22 INFO  : Jtag cable 'Digilent Zybo 210279777484A' is selected.
12:37:22 INFO  : 'jtag frequency' command is executed.
12:37:22 INFO  : Sourcing of 'C:/EAAES/assignments/pwm_generation/pwm_generation.sdk/pwm_generator_system_wrapper_hw_platform_0/ps7_init.tcl' is done.
12:37:22 INFO  : Context for 'APU' is selected.
12:37:22 INFO  : Hardware design information is loaded from 'C:/EAAES/assignments/pwm_generation/pwm_generation.sdk/pwm_generator_system_wrapper_hw_platform_0/system.hdf'.
12:37:22 INFO  : Context for 'APU' is selected.
12:37:22 INFO  : 'stop' command is executed.
12:37:24 INFO  : 'ps7_init' command is executed.
12:37:24 INFO  : 'ps7_post_config' command is executed.
12:37:24 INFO  : Context for processor 'ps7_cortexa9_0' is selected.
12:37:24 INFO  : Processor reset is completed for 'ps7_cortexa9_0'.
12:37:24 INFO  : Context for processor 'ps7_cortexa9_0' is selected.
12:37:26 ERROR : Memory write error at 0x100000. APB AP transaction error, DAP status f0000021
12:37:26 INFO  : ----------------XSDB Script----------------
connect -url tcp:127.0.0.1:3121
source C:/EAAES/assignments/pwm_generation/pwm_generation.sdk/pwm_generator_system_wrapper_hw_platform_0/ps7_init.tcl
targets -set -nocase -filter {name =~"APU*" && jtag_cable_name =~ "Digilent Zybo 210279777484A"} -index 0
loadhw C:/EAAES/assignments/pwm_generation/pwm_generation.sdk/pwm_generator_system_wrapper_hw_platform_0/system.hdf
targets -set -nocase -filter {name =~"APU*" && jtag_cable_name =~ "Digilent Zybo 210279777484A"} -index 0
stop
ps7_init
ps7_post_config
targets -set -nocase -filter {name =~ "ARM*#0" && jtag_cable_name =~ "Digilent Zybo 210279777484A"} -index 0
rst -processor
targets -set -nocase -filter {name =~ "ARM*#0" && jtag_cable_name =~ "Digilent Zybo 210279777484A"} -index 0
dow C:/EAAES/assignments/pwm_generation/pwm_generation.sdk/helloworldApp/Debug/helloworldApp.elf
----------------End of Script----------------

12:37:39 INFO  : 'targets -set -filter {jtag_cable_name =~ "Digilent Zybo 210279777484A" && level==0} -index 1' command is executed.
12:37:39 INFO  : 'fpga -state' command is executed.
12:37:39 INFO  : Connected to target on host '127.0.0.1' and port '3121'.
12:37:39 INFO  : Jtag cable 'Digilent Zybo 210279777484A' is selected.
12:37:39 INFO  : 'jtag frequency' command is executed.
12:37:39 INFO  : Sourcing of 'C:/EAAES/assignments/pwm_generation/pwm_generation.sdk/pwm_generator_system_wrapper_hw_platform_0/ps7_init.tcl' is done.
12:37:39 INFO  : Context for 'APU' is selected.
12:37:39 INFO  : Hardware design information is loaded from 'C:/EAAES/assignments/pwm_generation/pwm_generation.sdk/pwm_generator_system_wrapper_hw_platform_0/system.hdf'.
12:37:39 INFO  : Context for 'APU' is selected.
12:37:39 INFO  : 'stop' command is executed.
12:37:39 ERROR : AP transaction error, DAP status f0000021
12:37:39 INFO  : ----------------XSDB Script----------------
connect -url tcp:127.0.0.1:3121
source C:/EAAES/assignments/pwm_generation/pwm_generation.sdk/pwm_generator_system_wrapper_hw_platform_0/ps7_init.tcl
targets -set -nocase -filter {name =~"APU*" && jtag_cable_name =~ "Digilent Zybo 210279777484A"} -index 0
loadhw C:/EAAES/assignments/pwm_generation/pwm_generation.sdk/pwm_generator_system_wrapper_hw_platform_0/system.hdf
targets -set -nocase -filter {name =~"APU*" && jtag_cable_name =~ "Digilent Zybo 210279777484A"} -index 0
stop
ps7_init
----------------End of Script----------------

12:37:53 INFO  : 'targets -set -filter {jtag_cable_name =~ "Digilent Zybo 210279777484A" && level==0} -index 1' command is executed.
12:37:53 INFO  : 'fpga -state' command is executed.
12:37:56 INFO  : Connected to target on host '127.0.0.1' and port '3121'.
12:37:56 INFO  : Jtag cable 'Digilent Zybo 210279777484A' is selected.
12:37:56 INFO  : 'jtag frequency' command is executed.
12:37:56 INFO  : Sourcing of 'C:/EAAES/assignments/pwm_generation/pwm_generation.sdk/pwm_generator_system_wrapper_hw_platform_0/ps7_init.tcl' is done.
12:37:56 INFO  : Context for 'APU' is selected.
12:37:56 INFO  : Hardware design information is loaded from 'C:/EAAES/assignments/pwm_generation/pwm_generation.sdk/pwm_generator_system_wrapper_hw_platform_0/system.hdf'.
12:37:56 INFO  : Context for 'APU' is selected.
12:37:56 INFO  : 'stop' command is executed.
12:37:57 INFO  : 'ps7_init' command is executed.
12:37:57 INFO  : 'ps7_post_config' command is executed.
12:37:57 INFO  : Context for processor 'ps7_cortexa9_0' is selected.
12:37:57 INFO  : Processor reset is completed for 'ps7_cortexa9_0'.
12:37:57 INFO  : Context for processor 'ps7_cortexa9_0' is selected.
12:37:57 INFO  : The application 'C:/EAAES/assignments/pwm_generation/pwm_generation.sdk/helloworldApp/Debug/helloworldApp.elf' is downloaded to processor 'ps7_cortexa9_0'.
12:37:57 INFO  : ----------------XSDB Script----------------
connect -url tcp:127.0.0.1:3121
source C:/EAAES/assignments/pwm_generation/pwm_generation.sdk/pwm_generator_system_wrapper_hw_platform_0/ps7_init.tcl
targets -set -nocase -filter {name =~"APU*" && jtag_cable_name =~ "Digilent Zybo 210279777484A"} -index 0
loadhw C:/EAAES/assignments/pwm_generation/pwm_generation.sdk/pwm_generator_system_wrapper_hw_platform_0/system.hdf
targets -set -nocase -filter {name =~"APU*" && jtag_cable_name =~ "Digilent Zybo 210279777484A"} -index 0
stop
ps7_init
ps7_post_config
targets -set -nocase -filter {name =~ "ARM*#0" && jtag_cable_name =~ "Digilent Zybo 210279777484A"} -index 0
rst -processor
targets -set -nocase -filter {name =~ "ARM*#0" && jtag_cable_name =~ "Digilent Zybo 210279777484A"} -index 0
dow C:/EAAES/assignments/pwm_generation/pwm_generation.sdk/helloworldApp/Debug/helloworldApp.elf
----------------End of Script----------------

12:37:57 INFO  : Memory regions updated for context APU
12:37:57 INFO  : Context for processor 'ps7_cortexa9_0' is selected.
12:37:57 INFO  : 'con' command is executed.
12:37:57 INFO  : ----------------XSDB Script (After Launch)----------------
targets -set -nocase -filter {name =~ "ARM*#0" && jtag_cable_name =~ "Digilent Zybo 210279777484A"} -index 0
con
----------------End of Script----------------

12:37:57 INFO  : Launch script is exported to file 'C:\EAAES\assignments\pwm_generation\pwm_generation.sdk\.sdk\launch_scripts\xilinx_c-c++_application_(system_debugger)\system_debugger_using_debug_helloworldapp.elf_on_local.tcl'
12:38:38 INFO  : Disconnected from the channel tcfchan#5.
12:38:39 INFO  : 'targets -set -filter {jtag_cable_name =~ "Digilent Zybo 210279777484A" && level==0} -index 1' command is executed.
12:38:39 INFO  : 'fpga -state' command is executed.
12:38:40 INFO  : Connected to target on host '127.0.0.1' and port '3121'.
12:38:41 INFO  : Jtag cable 'Digilent Zybo 210279777484A' is selected.
12:38:41 INFO  : 'jtag frequency' command is executed.
12:38:41 INFO  : Sourcing of 'C:/EAAES/assignments/pwm_generation/pwm_generation.sdk/pwm_generator_system_wrapper_hw_platform_0/ps7_init.tcl' is done.
12:38:41 INFO  : Context for 'APU' is selected.
12:38:41 INFO  : Hardware design information is loaded from 'C:/EAAES/assignments/pwm_generation/pwm_generation.sdk/pwm_generator_system_wrapper_hw_platform_0/system.hdf'.
12:38:41 INFO  : Context for 'APU' is selected.
12:38:41 INFO  : 'stop' command is executed.
12:38:43 INFO  : 'ps7_init' command is executed.
12:38:43 INFO  : 'ps7_post_config' command is executed.
12:38:43 INFO  : Context for processor 'ps7_cortexa9_0' is selected.
12:38:43 INFO  : Processor reset is completed for 'ps7_cortexa9_0'.
12:38:43 INFO  : Context for processor 'ps7_cortexa9_0' is selected.
12:38:45 ERROR : Memory write error at 0x100000. APB AP transaction error, DAP status f0000021
12:38:45 INFO  : ----------------XSDB Script----------------
connect -url tcp:127.0.0.1:3121
source C:/EAAES/assignments/pwm_generation/pwm_generation.sdk/pwm_generator_system_wrapper_hw_platform_0/ps7_init.tcl
targets -set -nocase -filter {name =~"APU*" && jtag_cable_name =~ "Digilent Zybo 210279777484A"} -index 0
loadhw C:/EAAES/assignments/pwm_generation/pwm_generation.sdk/pwm_generator_system_wrapper_hw_platform_0/system.hdf
targets -set -nocase -filter {name =~"APU*" && jtag_cable_name =~ "Digilent Zybo 210279777484A"} -index 0
stop
ps7_init
ps7_post_config
targets -set -nocase -filter {name =~ "ARM*#0" && jtag_cable_name =~ "Digilent Zybo 210279777484A"} -index 0
rst -processor
targets -set -nocase -filter {name =~ "ARM*#0" && jtag_cable_name =~ "Digilent Zybo 210279777484A"} -index 0
dow C:/EAAES/assignments/pwm_generation/pwm_generation.sdk/helloworldApp/Debug/helloworldApp.elf
----------------End of Script----------------

12:38:50 INFO  : Connected to target on host '127.0.0.1' and port '3121'.
12:38:50 INFO  : 'targets -set -filter {jtag_cable_name =~ "Digilent Zybo 210279777484A" && level==0} -index 1' command is executed.
12:38:51 INFO  : FPGA configured successfully with bitstream "C:/EAAES/assignments/pwm_generation/pwm_generation.sdk/pwm_generator_system_wrapper_hw_platform_0/pwm_generator_system_wrapper.bit"
12:38:56 INFO  : 'targets -set -filter {jtag_cable_name =~ "Digilent Zybo 210279777484A" && level==0} -index 1' command is executed.
12:38:56 INFO  : 'fpga -state' command is executed.
12:38:56 INFO  : Connected to target on host '127.0.0.1' and port '3121'.
12:38:56 INFO  : Jtag cable 'Digilent Zybo 210279777484A' is selected.
12:38:56 INFO  : 'jtag frequency' command is executed.
12:38:56 INFO  : Sourcing of 'C:/EAAES/assignments/pwm_generation/pwm_generation.sdk/pwm_generator_system_wrapper_hw_platform_0/ps7_init.tcl' is done.
12:38:56 INFO  : Context for 'APU' is selected.
12:38:56 INFO  : Hardware design information is loaded from 'C:/EAAES/assignments/pwm_generation/pwm_generation.sdk/pwm_generator_system_wrapper_hw_platform_0/system.hdf'.
12:38:56 INFO  : Context for 'APU' is selected.
12:38:56 INFO  : 'stop' command is executed.
12:38:56 ERROR : AP transaction error, DAP status f0000021
12:38:56 INFO  : ----------------XSDB Script----------------
connect -url tcp:127.0.0.1:3121
source C:/EAAES/assignments/pwm_generation/pwm_generation.sdk/pwm_generator_system_wrapper_hw_platform_0/ps7_init.tcl
targets -set -nocase -filter {name =~"APU*" && jtag_cable_name =~ "Digilent Zybo 210279777484A"} -index 0
loadhw C:/EAAES/assignments/pwm_generation/pwm_generation.sdk/pwm_generator_system_wrapper_hw_platform_0/system.hdf
targets -set -nocase -filter {name =~"APU*" && jtag_cable_name =~ "Digilent Zybo 210279777484A"} -index 0
stop
ps7_init
----------------End of Script----------------

12:39:10 INFO  : 'targets -set -filter {jtag_cable_name =~ "Digilent Zybo 210279777484A" && level==0} -index 1' command is executed.
12:39:10 INFO  : 'fpga -state' command is executed.
12:39:10 INFO  : Connected to target on host '127.0.0.1' and port '3121'.
12:39:10 INFO  : Jtag cable 'Digilent Zybo 210279777484A' is selected.
12:39:10 INFO  : 'jtag frequency' command is executed.
12:39:10 INFO  : Sourcing of 'C:/EAAES/assignments/pwm_generation/pwm_generation.sdk/pwm_generator_system_wrapper_hw_platform_0/ps7_init.tcl' is done.
12:39:10 INFO  : Context for 'APU' is selected.
12:39:10 INFO  : Hardware design information is loaded from 'C:/EAAES/assignments/pwm_generation/pwm_generation.sdk/pwm_generator_system_wrapper_hw_platform_0/system.hdf'.
12:39:10 INFO  : Context for 'APU' is selected.
12:39:10 INFO  : 'stop' command is executed.
12:39:10 ERROR : AP transaction error, DAP status f0000021
12:39:10 INFO  : ----------------XSDB Script----------------
connect -url tcp:127.0.0.1:3121
source C:/EAAES/assignments/pwm_generation/pwm_generation.sdk/pwm_generator_system_wrapper_hw_platform_0/ps7_init.tcl
targets -set -nocase -filter {name =~"APU*" && jtag_cable_name =~ "Digilent Zybo 210279777484A"} -index 0
loadhw C:/EAAES/assignments/pwm_generation/pwm_generation.sdk/pwm_generator_system_wrapper_hw_platform_0/system.hdf
targets -set -nocase -filter {name =~"APU*" && jtag_cable_name =~ "Digilent Zybo 210279777484A"} -index 0
stop
ps7_init
----------------End of Script----------------

12:39:25 INFO  : 'targets -set -filter {jtag_cable_name =~ "Digilent Zybo 210279777484A" && level==0} -index 1' command is executed.
12:39:25 INFO  : 'fpga -state' command is executed.
12:39:25 INFO  : Connected to target on host '127.0.0.1' and port '3121'.
12:39:25 INFO  : Jtag cable 'Digilent Zybo 210279777484A' is selected.
12:39:25 INFO  : 'jtag frequency' command is executed.
12:39:25 INFO  : Sourcing of 'C:/EAAES/assignments/pwm_generation/pwm_generation.sdk/pwm_generator_system_wrapper_hw_platform_0/ps7_init.tcl' is done.
12:39:25 INFO  : Context for 'APU' is selected.
12:39:25 INFO  : Hardware design information is loaded from 'C:/EAAES/assignments/pwm_generation/pwm_generation.sdk/pwm_generator_system_wrapper_hw_platform_0/system.hdf'.
12:39:25 INFO  : Context for 'APU' is selected.
12:39:25 INFO  : 'stop' command is executed.
12:39:25 ERROR : AP transaction error, DAP status f0000021
12:39:25 INFO  : ----------------XSDB Script----------------
connect -url tcp:127.0.0.1:3121
source C:/EAAES/assignments/pwm_generation/pwm_generation.sdk/pwm_generator_system_wrapper_hw_platform_0/ps7_init.tcl
targets -set -nocase -filter {name =~"APU*" && jtag_cable_name =~ "Digilent Zybo 210279777484A"} -index 0
loadhw C:/EAAES/assignments/pwm_generation/pwm_generation.sdk/pwm_generator_system_wrapper_hw_platform_0/system.hdf
targets -set -nocase -filter {name =~"APU*" && jtag_cable_name =~ "Digilent Zybo 210279777484A"} -index 0
stop
ps7_init
----------------End of Script----------------

12:40:08 INFO  : Connected to target on host '127.0.0.1' and port '3121'.
12:40:08 INFO  : 'targets -set -filter {jtag_cable_name =~ "Digilent Zybo 210279777484A" && level==0} -index 1' command is executed.
12:40:09 INFO  : FPGA configured successfully with bitstream "C:/EAAES/assignments/pwm_generation/pwm_generation.sdk/pwm_generator_system_wrapper_hw_platform_0/pwm_generator_system_wrapper.bit"
12:40:18 INFO  : 'targets -set -filter {jtag_cable_name =~ "Digilent Zybo 210279777484A" && level==0} -index 1' command is executed.
12:40:18 INFO  : 'fpga -state' command is executed.
12:40:18 INFO  : Connected to target on host '127.0.0.1' and port '3121'.
12:40:19 INFO  : Jtag cable 'Digilent Zybo 210279777484A' is selected.
12:40:19 INFO  : 'jtag frequency' command is executed.
12:40:19 INFO  : Sourcing of 'C:/EAAES/assignments/pwm_generation/pwm_generation.sdk/pwm_generator_system_wrapper_hw_platform_0/ps7_init.tcl' is done.
12:40:19 INFO  : Context for 'APU' is selected.
12:40:19 INFO  : Hardware design information is loaded from 'C:/EAAES/assignments/pwm_generation/pwm_generation.sdk/pwm_generator_system_wrapper_hw_platform_0/system.hdf'.
12:40:19 INFO  : Context for 'APU' is selected.
12:40:19 INFO  : 'stop' command is executed.
12:40:19 ERROR : AP transaction error, DAP status f0000021
12:40:19 INFO  : ----------------XSDB Script----------------
connect -url tcp:127.0.0.1:3121
source C:/EAAES/assignments/pwm_generation/pwm_generation.sdk/pwm_generator_system_wrapper_hw_platform_0/ps7_init.tcl
targets -set -nocase -filter {name =~"APU*" && jtag_cable_name =~ "Digilent Zybo 210279777484A"} -index 0
loadhw C:/EAAES/assignments/pwm_generation/pwm_generation.sdk/pwm_generator_system_wrapper_hw_platform_0/system.hdf
targets -set -nocase -filter {name =~"APU*" && jtag_cable_name =~ "Digilent Zybo 210279777484A"} -index 0
stop
ps7_init
----------------End of Script----------------

12:40:43 INFO  : Connected to target on host '127.0.0.1' and port '3121'.
12:40:43 INFO  : 'targets -set -filter {jtag_cable_name =~ "Digilent Zybo 210279777484A" && level==0} -index 1' command is executed.
12:40:44 INFO  : FPGA configured successfully with bitstream "C:/EAAES/assignments/pwm_generation/pwm_generation.sdk/pwm_generator_system_wrapper_hw_platform_0/pwm_generator_system_wrapper.bit"
12:40:48 INFO  : 'targets -set -filter {jtag_cable_name =~ "Digilent Zybo 210279777484A" && level==0} -index 1' command is executed.
12:40:48 INFO  : 'fpga -state' command is executed.
12:40:48 INFO  : Connected to target on host '127.0.0.1' and port '3121'.
12:40:49 INFO  : Jtag cable 'Digilent Zybo 210279777484A' is selected.
12:40:49 INFO  : 'jtag frequency' command is executed.
12:40:49 INFO  : Sourcing of 'C:/EAAES/assignments/pwm_generation/pwm_generation.sdk/pwm_generator_system_wrapper_hw_platform_0/ps7_init.tcl' is done.
12:40:49 INFO  : Context for 'APU' is selected.
12:40:49 INFO  : Hardware design information is loaded from 'C:/EAAES/assignments/pwm_generation/pwm_generation.sdk/pwm_generator_system_wrapper_hw_platform_0/system.hdf'.
12:40:49 INFO  : Context for 'APU' is selected.
12:40:49 INFO  : 'stop' command is executed.
12:40:49 INFO  : 'ps7_init' command is executed.
12:40:49 INFO  : 'ps7_post_config' command is executed.
12:40:49 INFO  : Context for processor 'ps7_cortexa9_0' is selected.
12:40:49 INFO  : Processor reset is completed for 'ps7_cortexa9_0'.
12:40:49 INFO  : Context for processor 'ps7_cortexa9_0' is selected.
12:40:50 INFO  : The application 'C:/EAAES/assignments/pwm_generation/pwm_generation.sdk/helloworldApp/Debug/helloworldApp.elf' is downloaded to processor 'ps7_cortexa9_0'.
12:40:50 INFO  : ----------------XSDB Script----------------
connect -url tcp:127.0.0.1:3121
source C:/EAAES/assignments/pwm_generation/pwm_generation.sdk/pwm_generator_system_wrapper_hw_platform_0/ps7_init.tcl
targets -set -nocase -filter {name =~"APU*" && jtag_cable_name =~ "Digilent Zybo 210279777484A"} -index 0
loadhw C:/EAAES/assignments/pwm_generation/pwm_generation.sdk/pwm_generator_system_wrapper_hw_platform_0/system.hdf
targets -set -nocase -filter {name =~"APU*" && jtag_cable_name =~ "Digilent Zybo 210279777484A"} -index 0
stop
ps7_init
ps7_post_config
targets -set -nocase -filter {name =~ "ARM*#0" && jtag_cable_name =~ "Digilent Zybo 210279777484A"} -index 0
rst -processor
targets -set -nocase -filter {name =~ "ARM*#0" && jtag_cable_name =~ "Digilent Zybo 210279777484A"} -index 0
dow C:/EAAES/assignments/pwm_generation/pwm_generation.sdk/helloworldApp/Debug/helloworldApp.elf
----------------End of Script----------------

12:40:50 INFO  : Memory regions updated for context APU
12:40:50 INFO  : Context for processor 'ps7_cortexa9_0' is selected.
12:40:50 INFO  : 'con' command is executed.
12:40:50 INFO  : ----------------XSDB Script (After Launch)----------------
targets -set -nocase -filter {name =~ "ARM*#0" && jtag_cable_name =~ "Digilent Zybo 210279777484A"} -index 0
con
----------------End of Script----------------

12:40:50 INFO  : Launch script is exported to file 'C:\EAAES\assignments\pwm_generation\pwm_generation.sdk\.sdk\launch_scripts\xilinx_c-c++_application_(system_debugger)\system_debugger_using_debug_helloworldapp.elf_on_local.tcl'
12:41:53 INFO  : Disconnected from the channel tcfchan#6.
12:41:54 INFO  : 'targets -set -filter {jtag_cable_name =~ "Digilent Zybo 210279777484A" && level==0} -index 1' command is executed.
12:41:54 INFO  : 'fpga -state' command is executed.
12:41:54 INFO  : Connected to target on host '127.0.0.1' and port '3121'.
12:41:54 INFO  : Jtag cable 'Digilent Zybo 210279777484A' is selected.
12:41:54 INFO  : 'jtag frequency' command is executed.
12:41:54 INFO  : Sourcing of 'C:/EAAES/assignments/pwm_generation/pwm_generation.sdk/pwm_generator_system_wrapper_hw_platform_0/ps7_init.tcl' is done.
12:41:54 INFO  : Context for 'APU' is selected.
12:41:55 INFO  : Hardware design information is loaded from 'C:/EAAES/assignments/pwm_generation/pwm_generation.sdk/pwm_generator_system_wrapper_hw_platform_0/system.hdf'.
12:41:55 INFO  : Context for 'APU' is selected.
12:41:55 INFO  : 'stop' command is executed.
12:41:55 INFO  : 'ps7_init' command is executed.
12:41:55 INFO  : 'ps7_post_config' command is executed.
12:41:55 INFO  : Context for processor 'ps7_cortexa9_0' is selected.
12:41:55 INFO  : Processor reset is completed for 'ps7_cortexa9_0'.
12:41:55 INFO  : Context for processor 'ps7_cortexa9_0' is selected.
12:41:55 INFO  : The application 'C:/EAAES/assignments/pwm_generation/pwm_generation.sdk/helloworldApp/Debug/helloworldApp.elf' is downloaded to processor 'ps7_cortexa9_0'.
12:41:55 INFO  : ----------------XSDB Script----------------
connect -url tcp:127.0.0.1:3121
source C:/EAAES/assignments/pwm_generation/pwm_generation.sdk/pwm_generator_system_wrapper_hw_platform_0/ps7_init.tcl
targets -set -nocase -filter {name =~"APU*" && jtag_cable_name =~ "Digilent Zybo 210279777484A"} -index 0
loadhw C:/EAAES/assignments/pwm_generation/pwm_generation.sdk/pwm_generator_system_wrapper_hw_platform_0/system.hdf
targets -set -nocase -filter {name =~"APU*" && jtag_cable_name =~ "Digilent Zybo 210279777484A"} -index 0
stop
ps7_init
ps7_post_config
targets -set -nocase -filter {name =~ "ARM*#0" && jtag_cable_name =~ "Digilent Zybo 210279777484A"} -index 0
rst -processor
targets -set -nocase -filter {name =~ "ARM*#0" && jtag_cable_name =~ "Digilent Zybo 210279777484A"} -index 0
dow C:/EAAES/assignments/pwm_generation/pwm_generation.sdk/helloworldApp/Debug/helloworldApp.elf
----------------End of Script----------------

12:41:55 INFO  : Memory regions updated for context APU
12:41:55 INFO  : Context for processor 'ps7_cortexa9_0' is selected.
12:41:55 INFO  : 'con' command is executed.
12:41:55 INFO  : ----------------XSDB Script (After Launch)----------------
targets -set -nocase -filter {name =~ "ARM*#0" && jtag_cable_name =~ "Digilent Zybo 210279777484A"} -index 0
con
----------------End of Script----------------

12:41:55 INFO  : Launch script is exported to file 'C:\EAAES\assignments\pwm_generation\pwm_generation.sdk\.sdk\launch_scripts\xilinx_c-c++_application_(system_debugger)\system_debugger_using_debug_helloworldapp.elf_on_local.tcl'
