
*** Running vivado
    with args -log pwm_generator_system_microblaze_0_1.vds -m64 -product Vivado -mode batch -messageDb vivado.pb -notrace -source pwm_generator_system_microblaze_0_1.tcl


****** Vivado v2016.4 (64-bit)
  **** SW Build 1756540 on Mon Jan 23 19:11:23 MST 2017
  **** IP Build 1755317 on Mon Jan 23 20:30:07 MST 2017
    ** Copyright 1986-2016 Xilinx, Inc. All Rights Reserved.

source pwm_generator_system_microblaze_0_1.tcl -notrace
Starting RTL Elaboration : Time (s): cpu = 00:00:10 ; elapsed = 00:00:12 . Memory (MB): peak = 299.105 ; gain = 88.656
INFO: [Synth 8-638] synthesizing module 'pwm_generator_system_microblaze_0_1' [c:/EAAES/assignments/pwm_generation/pwm_generation.srcs/sources_1/bd/pwm_generator_system/ip/pwm_generator_system_microblaze_0_1/synth/pwm_generator_system_microblaze_0_1.vhd:116]
INFO: [Synth 8-256] done synthesizing module 'pwm_generator_system_microblaze_0_1' (52#1) [c:/EAAES/assignments/pwm_generation/pwm_generation.srcs/sources_1/bd/pwm_generator_system/ip/pwm_generator_system_microblaze_0_1/synth/pwm_generator_system_microblaze_0_1.vhd:116]
Finished RTL Elaboration : Time (s): cpu = 00:00:21 ; elapsed = 00:00:24 . Memory (MB): peak = 474.355 ; gain = 263.906
Finished RTL Optimization Phase 1 : Time (s): cpu = 00:00:22 ; elapsed = 00:00:25 . Memory (MB): peak = 474.355 ; gain = 263.906
INFO: [Device 21-403] Loading part xc7z010clg400-1
Constraint Validation Runtime : Time (s): cpu = 00:00:01 ; elapsed = 00:00:00.584 . Memory (MB): peak = 778.516 ; gain = 0.457
Finished Constraint Validation : Time (s): cpu = 00:00:40 ; elapsed = 00:00:43 . Memory (MB): peak = 778.516 ; gain = 568.066
Finished Loading Part and Timing Information : Time (s): cpu = 00:00:40 ; elapsed = 00:00:43 . Memory (MB): peak = 778.516 ; gain = 568.066
Finished applying 'set_property' XDC Constraints : Time (s): cpu = 00:00:40 ; elapsed = 00:00:43 . Memory (MB): peak = 778.516 ; gain = 568.066
Finished RTL Optimization Phase 2 : Time (s): cpu = 00:00:46 ; elapsed = 00:00:51 . Memory (MB): peak = 778.516 ; gain = 568.066
Finished Cross Boundary and Area Optimization : Time (s): cpu = 00:00:59 ; elapsed = 00:01:04 . Memory (MB): peak = 778.516 ; gain = 568.066
Finished Applying XDC Timing Constraints : Time (s): cpu = 00:01:13 ; elapsed = 00:01:19 . Memory (MB): peak = 778.516 ; gain = 568.066
Finished Timing Optimization : Time (s): cpu = 00:01:35 ; elapsed = 00:01:41 . Memory (MB): peak = 823.910 ; gain = 613.461
Finished Technology Mapping : Time (s): cpu = 00:01:38 ; elapsed = 00:01:43 . Memory (MB): peak = 823.910 ; gain = 613.461
Finished IO Insertion : Time (s): cpu = 00:01:39 ; elapsed = 00:01:44 . Memory (MB): peak = 823.910 ; gain = 613.461
Finished Renaming Generated Instances : Time (s): cpu = 00:01:39 ; elapsed = 00:01:44 . Memory (MB): peak = 823.910 ; gain = 613.461
Finished Rebuilding User Hierarchy : Time (s): cpu = 00:01:40 ; elapsed = 00:01:45 . Memory (MB): peak = 823.910 ; gain = 613.461
Finished Renaming Generated Ports : Time (s): cpu = 00:01:40 ; elapsed = 00:01:45 . Memory (MB): peak = 823.910 ; gain = 613.461
Finished Handling Custom Attributes : Time (s): cpu = 00:01:40 ; elapsed = 00:01:45 . Memory (MB): peak = 823.910 ; gain = 613.461
Finished Renaming Generated Nets : Time (s): cpu = 00:01:40 ; elapsed = 00:01:45 . Memory (MB): peak = 823.910 ; gain = 613.461

Report Cell Usage: 
+------+---------+------+
|      |Cell     |Count |
+------+---------+------+
|1     |AND2B1L  |     1|
|2     |LUT1     |    17|
|3     |LUT2     |    73|
|4     |LUT3     |   276|
|5     |LUT4     |    90|
|6     |LUT5     |   154|
|7     |LUT6     |   372|
|8     |LUT6_2   |    80|
|9     |MULT_AND |     1|
|10    |MUXCY_L  |   136|
|11    |MUXF7    |   116|
|12    |RAM32M   |    16|
|13    |SRL16E   |    89|
|14    |SRLC16E  |     8|
|15    |XORCY    |    94|
|16    |FDCE     |   143|
|17    |FDE      |    32|
|18    |FDR      |    87|
|19    |FDRE     |  1209|
|20    |FDS      |     1|
|21    |FDSE     |    36|
+------+---------+------+
Finished Writing Synthesis Report : Time (s): cpu = 00:01:40 ; elapsed = 00:01:45 . Memory (MB): peak = 823.910 ; gain = 613.461
synth_design: Time (s): cpu = 00:01:43 ; elapsed = 00:01:48 . Memory (MB): peak = 1159.102 ; gain = 941.254
