
*** Running vivado
    with args -log pwm_generator_system_xbar_1.vds -m64 -product Vivado -mode batch -messageDb vivado.pb -notrace -source pwm_generator_system_xbar_1.tcl


****** Vivado v2016.4 (64-bit)
  **** SW Build 1756540 on Mon Jan 23 19:11:23 MST 2017
  **** IP Build 1755317 on Mon Jan 23 20:30:07 MST 2017
    ** Copyright 1986-2016 Xilinx, Inc. All Rights Reserved.

source pwm_generator_system_xbar_1.tcl -notrace
Starting RTL Elaboration : Time (s): cpu = 00:00:12 ; elapsed = 00:00:22 . Memory (MB): peak = 309.711 ; gain = 99.426
INFO: [Synth 8-638] synthesizing module 'pwm_generator_system_xbar_1' [c:/EAAES/assignments/pwm_generation/pwm_generation.srcs/sources_1/bd/pwm_generator_system/ip/pwm_generator_system_xbar_1/synth/pwm_generator_system_xbar_1.v:59]
INFO: [Synth 8-638] synthesizing module 'axi_crossbar_v2_1_12_axi_crossbar' [c:/EAAES/assignments/pwm_generation/pwm_generation.srcs/sources_1/bd/pwm_generator_system/ipshared/896d/hdl/axi_crossbar_v2_1_vl_rfs.v:4882]
INFO: [Synth 8-638] synthesizing module 'axi_crossbar_v2_1_12_crossbar_sasd' [c:/EAAES/assignments/pwm_generation/pwm_generation.srcs/sources_1/bd/pwm_generator_system/ipshared/896d/hdl/axi_crossbar_v2_1_vl_rfs.v:1240]
INFO: [Synth 8-638] synthesizing module 'axi_crossbar_v2_1_12_addr_decoder' [c:/EAAES/assignments/pwm_generation/pwm_generation.srcs/sources_1/bd/pwm_generator_system/ipshared/896d/hdl/axi_crossbar_v2_1_vl_rfs.v:794]
INFO: [Synth 8-638] synthesizing module 'generic_baseblocks_v2_1_0_comparator_static' [c:/EAAES/assignments/pwm_generation/pwm_generation.srcs/sources_1/bd/pwm_generator_system/ipshared/7ee0/hdl/generic_baseblocks_v2_1_vl_rfs.v:2133]
INFO: [Synth 8-638] synthesizing module 'generic_baseblocks_v2_1_0_carry_and' [c:/EAAES/assignments/pwm_generation/pwm_generation.srcs/sources_1/bd/pwm_generator_system/ipshared/7ee0/hdl/generic_baseblocks_v2_1_vl_rfs.v:62]
INFO: [Synth 8-256] done synthesizing module 'generic_baseblocks_v2_1_0_carry_and' (1#1) [c:/EAAES/assignments/pwm_generation/pwm_generation.srcs/sources_1/bd/pwm_generator_system/ipshared/7ee0/hdl/generic_baseblocks_v2_1_vl_rfs.v:62]
INFO: [Synth 8-256] done synthesizing module 'generic_baseblocks_v2_1_0_comparator_static' (2#1) [c:/EAAES/assignments/pwm_generation/pwm_generation.srcs/sources_1/bd/pwm_generator_system/ipshared/7ee0/hdl/generic_baseblocks_v2_1_vl_rfs.v:2133]
INFO: [Synth 8-638] synthesizing module 'generic_baseblocks_v2_1_0_comparator_static__parameterized0' [c:/EAAES/assignments/pwm_generation/pwm_generation.srcs/sources_1/bd/pwm_generator_system/ipshared/7ee0/hdl/generic_baseblocks_v2_1_vl_rfs.v:2133]
INFO: [Synth 8-256] done synthesizing module 'generic_baseblocks_v2_1_0_comparator_static__parameterized0' (2#1) [c:/EAAES/assignments/pwm_generation/pwm_generation.srcs/sources_1/bd/pwm_generator_system/ipshared/7ee0/hdl/generic_baseblocks_v2_1_vl_rfs.v:2133]
INFO: [Synth 8-256] done synthesizing module 'axi_crossbar_v2_1_12_addr_decoder' (3#1) [c:/EAAES/assignments/pwm_generation/pwm_generation.srcs/sources_1/bd/pwm_generator_system/ipshared/896d/hdl/axi_crossbar_v2_1_vl_rfs.v:794]
INFO: [Synth 8-638] synthesizing module 'axi_crossbar_v2_1_12_decerr_slave' [c:/EAAES/assignments/pwm_generation/pwm_generation.srcs/sources_1/bd/pwm_generator_system/ipshared/896d/hdl/axi_crossbar_v2_1_vl_rfs.v:3500]
INFO: [Synth 8-256] done synthesizing module 'axi_crossbar_v2_1_12_decerr_slave' (4#1) [c:/EAAES/assignments/pwm_generation/pwm_generation.srcs/sources_1/bd/pwm_generator_system/ipshared/896d/hdl/axi_crossbar_v2_1_vl_rfs.v:3500]
INFO: [Synth 8-638] synthesizing module 'axi_crossbar_v2_1_12_addr_arbiter_sasd' [c:/EAAES/assignments/pwm_generation/pwm_generation.srcs/sources_1/bd/pwm_generator_system/ipshared/896d/hdl/axi_crossbar_v2_1_vl_rfs.v:65]
INFO: [Synth 8-256] done synthesizing module 'axi_crossbar_v2_1_12_addr_arbiter_sasd' (5#1) [c:/EAAES/assignments/pwm_generation/pwm_generation.srcs/sources_1/bd/pwm_generator_system/ipshared/896d/hdl/axi_crossbar_v2_1_vl_rfs.v:65]
INFO: [Synth 8-638] synthesizing module 'axi_crossbar_v2_1_12_splitter' [c:/EAAES/assignments/pwm_generation/pwm_generation.srcs/sources_1/bd/pwm_generator_system/ipshared/896d/hdl/axi_crossbar_v2_1_vl_rfs.v:4459]
INFO: [Synth 8-256] done synthesizing module 'axi_crossbar_v2_1_12_splitter' (6#1) [c:/EAAES/assignments/pwm_generation/pwm_generation.srcs/sources_1/bd/pwm_generator_system/ipshared/896d/hdl/axi_crossbar_v2_1_vl_rfs.v:4459]
INFO: [Synth 8-638] synthesizing module 'axi_crossbar_v2_1_12_splitter__parameterized0' [c:/EAAES/assignments/pwm_generation/pwm_generation.srcs/sources_1/bd/pwm_generator_system/ipshared/896d/hdl/axi_crossbar_v2_1_vl_rfs.v:4459]
INFO: [Synth 8-256] done synthesizing module 'axi_crossbar_v2_1_12_splitter__parameterized0' (6#1) [c:/EAAES/assignments/pwm_generation/pwm_generation.srcs/sources_1/bd/pwm_generator_system/ipshared/896d/hdl/axi_crossbar_v2_1_vl_rfs.v:4459]
INFO: [Synth 8-638] synthesizing module 'generic_baseblocks_v2_1_0_mux_enc' [c:/EAAES/assignments/pwm_generation/pwm_generation.srcs/sources_1/bd/pwm_generator_system/ipshared/7ee0/hdl/generic_baseblocks_v2_1_vl_rfs.v:2452]
INFO: [Synth 8-256] done synthesizing module 'generic_baseblocks_v2_1_0_mux_enc' (7#1) [c:/EAAES/assignments/pwm_generation/pwm_generation.srcs/sources_1/bd/pwm_generator_system/ipshared/7ee0/hdl/generic_baseblocks_v2_1_vl_rfs.v:2452]
INFO: [Synth 8-638] synthesizing module 'generic_baseblocks_v2_1_0_mux_enc__parameterized0' [c:/EAAES/assignments/pwm_generation/pwm_generation.srcs/sources_1/bd/pwm_generator_system/ipshared/7ee0/hdl/generic_baseblocks_v2_1_vl_rfs.v:2452]
INFO: [Synth 8-256] done synthesizing module 'generic_baseblocks_v2_1_0_mux_enc__parameterized0' (7#1) [c:/EAAES/assignments/pwm_generation/pwm_generation.srcs/sources_1/bd/pwm_generator_system/ipshared/7ee0/hdl/generic_baseblocks_v2_1_vl_rfs.v:2452]
INFO: [Synth 8-638] synthesizing module 'generic_baseblocks_v2_1_0_mux_enc__parameterized1' [c:/EAAES/assignments/pwm_generation/pwm_generation.srcs/sources_1/bd/pwm_generator_system/ipshared/7ee0/hdl/generic_baseblocks_v2_1_vl_rfs.v:2452]
INFO: [Synth 8-256] done synthesizing module 'generic_baseblocks_v2_1_0_mux_enc__parameterized1' (7#1) [c:/EAAES/assignments/pwm_generation/pwm_generation.srcs/sources_1/bd/pwm_generator_system/ipshared/7ee0/hdl/generic_baseblocks_v2_1_vl_rfs.v:2452]
INFO: [Synth 8-638] synthesizing module 'generic_baseblocks_v2_1_0_mux_enc__parameterized2' [c:/EAAES/assignments/pwm_generation/pwm_generation.srcs/sources_1/bd/pwm_generator_system/ipshared/7ee0/hdl/generic_baseblocks_v2_1_vl_rfs.v:2452]
INFO: [Synth 8-256] done synthesizing module 'generic_baseblocks_v2_1_0_mux_enc__parameterized2' (7#1) [c:/EAAES/assignments/pwm_generation/pwm_generation.srcs/sources_1/bd/pwm_generator_system/ipshared/7ee0/hdl/generic_baseblocks_v2_1_vl_rfs.v:2452]
INFO: [Synth 8-638] synthesizing module 'axi_register_slice_v2_1_11_axic_register_slice' [c:/EAAES/assignments/pwm_generation/pwm_generation.srcs/sources_1/bd/pwm_generator_system/ipshared/0b6b/hdl/axi_register_slice_v2_1_vl_rfs.v:85]
INFO: [Synth 8-256] done synthesizing module 'axi_register_slice_v2_1_11_axic_register_slice' (8#1) [c:/EAAES/assignments/pwm_generation/pwm_generation.srcs/sources_1/bd/pwm_generator_system/ipshared/0b6b/hdl/axi_register_slice_v2_1_vl_rfs.v:85]
INFO: [Synth 8-638] synthesizing module 'generic_baseblocks_v2_1_0_mux_enc__parameterized3' [c:/EAAES/assignments/pwm_generation/pwm_generation.srcs/sources_1/bd/pwm_generator_system/ipshared/7ee0/hdl/generic_baseblocks_v2_1_vl_rfs.v:2452]
INFO: [Synth 8-256] done synthesizing module 'generic_baseblocks_v2_1_0_mux_enc__parameterized3' (8#1) [c:/EAAES/assignments/pwm_generation/pwm_generation.srcs/sources_1/bd/pwm_generator_system/ipshared/7ee0/hdl/generic_baseblocks_v2_1_vl_rfs.v:2452]
INFO: [Synth 8-256] done synthesizing module 'axi_crossbar_v2_1_12_crossbar_sasd' (9#1) [c:/EAAES/assignments/pwm_generation/pwm_generation.srcs/sources_1/bd/pwm_generator_system/ipshared/896d/hdl/axi_crossbar_v2_1_vl_rfs.v:1240]
INFO: [Synth 8-256] done synthesizing module 'axi_crossbar_v2_1_12_axi_crossbar' (10#1) [c:/EAAES/assignments/pwm_generation/pwm_generation.srcs/sources_1/bd/pwm_generator_system/ipshared/896d/hdl/axi_crossbar_v2_1_vl_rfs.v:4882]
INFO: [Synth 8-256] done synthesizing module 'pwm_generator_system_xbar_1' (11#1) [c:/EAAES/assignments/pwm_generation/pwm_generation.srcs/sources_1/bd/pwm_generator_system/ip/pwm_generator_system_xbar_1/synth/pwm_generator_system_xbar_1.v:59]
Finished RTL Elaboration : Time (s): cpu = 00:00:19 ; elapsed = 00:00:29 . Memory (MB): peak = 426.254 ; gain = 215.969
Finished RTL Optimization Phase 1 : Time (s): cpu = 00:00:19 ; elapsed = 00:00:30 . Memory (MB): peak = 426.254 ; gain = 215.969
INFO: [Device 21-403] Loading part xc7z010clg400-1
Constraint Validation Runtime : Time (s): cpu = 00:00:00 ; elapsed = 00:00:00.130 . Memory (MB): peak = 651.836 ; gain = 0.020
Finished Constraint Validation : Time (s): cpu = 00:00:31 ; elapsed = 00:00:44 . Memory (MB): peak = 651.836 ; gain = 441.551
Finished Loading Part and Timing Information : Time (s): cpu = 00:00:31 ; elapsed = 00:00:44 . Memory (MB): peak = 651.836 ; gain = 441.551
Finished applying 'set_property' XDC Constraints : Time (s): cpu = 00:00:31 ; elapsed = 00:00:44 . Memory (MB): peak = 651.836 ; gain = 441.551
Finished RTL Optimization Phase 2 : Time (s): cpu = 00:00:31 ; elapsed = 00:00:45 . Memory (MB): peak = 651.836 ; gain = 441.551
Finished Cross Boundary and Area Optimization : Time (s): cpu = 00:00:32 ; elapsed = 00:00:46 . Memory (MB): peak = 651.836 ; gain = 441.551
Finished Applying XDC Timing Constraints : Time (s): cpu = 00:00:47 ; elapsed = 00:01:01 . Memory (MB): peak = 651.836 ; gain = 441.551
Finished Timing Optimization : Time (s): cpu = 00:00:47 ; elapsed = 00:01:02 . Memory (MB): peak = 651.836 ; gain = 441.551
Finished Technology Mapping : Time (s): cpu = 00:00:47 ; elapsed = 00:01:02 . Memory (MB): peak = 651.836 ; gain = 441.551
Finished IO Insertion : Time (s): cpu = 00:00:48 ; elapsed = 00:01:03 . Memory (MB): peak = 651.836 ; gain = 441.551
Finished Renaming Generated Instances : Time (s): cpu = 00:00:48 ; elapsed = 00:01:03 . Memory (MB): peak = 651.836 ; gain = 441.551
Finished Rebuilding User Hierarchy : Time (s): cpu = 00:00:48 ; elapsed = 00:01:03 . Memory (MB): peak = 651.836 ; gain = 441.551
Finished Renaming Generated Ports : Time (s): cpu = 00:00:48 ; elapsed = 00:01:03 . Memory (MB): peak = 651.836 ; gain = 441.551
Finished Handling Custom Attributes : Time (s): cpu = 00:00:48 ; elapsed = 00:01:03 . Memory (MB): peak = 651.836 ; gain = 441.551
Finished Renaming Generated Nets : Time (s): cpu = 00:00:48 ; elapsed = 00:01:03 . Memory (MB): peak = 651.836 ; gain = 441.551

Report Cell Usage: 
+------+-----+------+
|      |Cell |Count |
+------+-----+------+
|1     |LUT1 |     2|
|2     |LUT2 |    15|
|3     |LUT3 |     7|
|4     |LUT4 |    79|
|5     |LUT5 |    12|
|6     |LUT6 |    59|
|7     |FDRE |   130|
+------+-----+------+
Finished Writing Synthesis Report : Time (s): cpu = 00:00:48 ; elapsed = 00:01:03 . Memory (MB): peak = 651.836 ; gain = 441.551
synth_design: Time (s): cpu = 00:00:45 ; elapsed = 00:00:55 . Memory (MB): peak = 651.836 ; gain = 424.992
