
*** Running vivado
    with args -log pwm_generator_system_xbar_1.vds -m64 -product Vivado -mode batch -messageDb vivado.pb -notrace -source pwm_generator_system_xbar_1.tcl


****** Vivado v2016.4 (64-bit)
  **** SW Build 1756540 on Mon Jan 23 19:11:23 MST 2017
  **** IP Build 1755317 on Mon Jan 23 20:30:07 MST 2017
    ** Copyright 1986-2016 Xilinx, Inc. All Rights Reserved.

source pwm_generator_system_xbar_1.tcl -notrace
Starting RTL Elaboration : Time (s): cpu = 00:00:10 ; elapsed = 00:00:18 . Memory (MB): peak = 310.809 ; gain = 101.074
INFO: [Synth 8-638] synthesizing module 'pwm_generator_system_xbar_1' [c:/EAAES/assignments/pwm_generation/pwm_generation.srcs/sources_1/bd/pwm_generator_system/ip/pwm_generator_system_xbar_1/synth/pwm_generator_system_xbar_1.v:59]
INFO: [Synth 8-638] synthesizing module 'axi_crossbar_v2_1_12_axi_crossbar' [c:/EAAES/assignments/pwm_generation/pwm_generation.srcs/sources_1/bd/pwm_generator_system/ipshared/896d/hdl/axi_crossbar_v2_1_vl_rfs.v:4882]
INFO: [Synth 8-638] synthesizing module 'axi_crossbar_v2_1_12_crossbar_sasd' [c:/EAAES/assignments/pwm_generation/pwm_generation.srcs/sources_1/bd/pwm_generator_system/ipshared/896d/hdl/axi_crossbar_v2_1_vl_rfs.v:1240]
INFO: [Synth 8-638] synthesizing module 'axi_crossbar_v2_1_12_addr_decoder' [c:/EAAES/assignments/pwm_generation/pwm_generation.srcs/sources_1/bd/pwm_generator_system/ipshared/896d/hdl/axi_crossbar_v2_1_vl_rfs.v:794]
INFO: [Synth 8-638] synthesizing module 'generic_baseblocks_v2_1_0_comparator_static' [c:/EAAES/assignments/pwm_generation/pwm_generation.srcs/sources_1/bd/pwm_generator_system/ipshared/7ee0/hdl/generic_baseblocks_v2_1_vl_rfs.v:2133]
INFO: [Synth 8-638] synthesizing module 'generic_baseblocks_v2_1_0_carry_and' [c:/EAAES/assignments/pwm_generation/pwm_generation.srcs/sources_1/bd/pwm_generator_system/ipshared/7ee0/hdl/generic_baseblocks_v2_1_vl_rfs.v:62]
INFO: [Synth 8-256] done synthesizing module 'generic_baseblocks_v2_1_0_carry_and' (1#1) [c:/EAAES/assignments/pwm_generation/pwm_generation.srcs/sources_1/bd/pwm_generator_system/ipshared/7ee0/hdl/generic_baseblocks_v2_1_vl_rfs.v:62]
INFO: [Synth 8-256] done synthesizing module 'generic_baseblocks_v2_1_0_comparator_static' (2#1) [c:/EAAES/assignments/pwm_generation/pwm_generation.srcs/sources_1/bd/pwm_generator_system/ipshared/7ee0/hdl/generic_baseblocks_v2_1_vl_rfs.v:2133]
INFO: [Synth 8-256] done synthesizing module 'axi_crossbar_v2_1_12_addr_decoder' (3#1) [c:/EAAES/assignments/pwm_generation/pwm_generation.srcs/sources_1/bd/pwm_generator_system/ipshared/896d/hdl/axi_crossbar_v2_1_vl_rfs.v:794]
INFO: [Synth 8-638] synthesizing module 'axi_crossbar_v2_1_12_decerr_slave' [c:/EAAES/assignments/pwm_generation/pwm_generation.srcs/sources_1/bd/pwm_generator_system/ipshared/896d/hdl/axi_crossbar_v2_1_vl_rfs.v:3500]
INFO: [Synth 8-256] done synthesizing module 'axi_crossbar_v2_1_12_decerr_slave' (4#1) [c:/EAAES/assignments/pwm_generation/pwm_generation.srcs/sources_1/bd/pwm_generator_system/ipshared/896d/hdl/axi_crossbar_v2_1_vl_rfs.v:3500]
INFO: [Synth 8-638] synthesizing module 'axi_crossbar_v2_1_12_addr_arbiter_sasd' [c:/EAAES/assignments/pwm_generation/pwm_generation.srcs/sources_1/bd/pwm_generator_system/ipshared/896d/hdl/axi_crossbar_v2_1_vl_rfs.v:65]
INFO: [Synth 8-256] done synthesizing module 'axi_crossbar_v2_1_12_addr_arbiter_sasd' (5#1) [c:/EAAES/assignments/pwm_generation/pwm_generation.srcs/sources_1/bd/pwm_generator_system/ipshared/896d/hdl/axi_crossbar_v2_1_vl_rfs.v:65]
INFO: [Synth 8-638] synthesizing module 'axi_crossbar_v2_1_12_splitter' [c:/EAAES/assignments/pwm_generation/pwm_generation.srcs/sources_1/bd/pwm_generator_system/ipshared/896d/hdl/axi_crossbar_v2_1_vl_rfs.v:4459]
INFO: [Synth 8-256] done synthesizing module 'axi_crossbar_v2_1_12_splitter' (6#1) [c:/EAAES/assignments/pwm_generation/pwm_generation.srcs/sources_1/bd/pwm_generator_system/ipshared/896d/hdl/axi_crossbar_v2_1_vl_rfs.v:4459]
INFO: [Synth 8-638] synthesizing module 'axi_crossbar_v2_1_12_splitter__parameterized0' [c:/EAAES/assignments/pwm_generation/pwm_generation.srcs/sources_1/bd/pwm_generator_system/ipshared/896d/hdl/axi_crossbar_v2_1_vl_rfs.v:4459]
INFO: [Synth 8-256] done synthesizing module 'axi_crossbar_v2_1_12_splitter__parameterized0' (6#1) [c:/EAAES/assignments/pwm_generation/pwm_generation.srcs/sources_1/bd/pwm_generator_system/ipshared/896d/hdl/axi_crossbar_v2_1_vl_rfs.v:4459]
INFO: [Synth 8-638] synthesizing module 'generic_baseblocks_v2_1_0_mux_enc' [c:/EAAES/assignments/pwm_generation/pwm_generation.srcs/sources_1/bd/pwm_generator_system/ipshared/7ee0/hdl/generic_baseblocks_v2_1_vl_rfs.v:2452]
INFO: [Synth 8-256] done synthesizing module 'generic_baseblocks_v2_1_0_mux_enc' (7#1) [c:/EAAES/assignments/pwm_generation/pwm_generation.srcs/sources_1/bd/pwm_generator_system/ipshared/7ee0/hdl/generic_baseblocks_v2_1_vl_rfs.v:2452]
INFO: [Synth 8-638] synthesizing module 'generic_baseblocks_v2_1_0_mux_enc__parameterized0' [c:/EAAES/assignments/pwm_generation/pwm_generation.srcs/sources_1/bd/pwm_generator_system/ipshared/7ee0/hdl/generic_baseblocks_v2_1_vl_rfs.v:2452]
INFO: [Synth 8-256] done synthesizing module 'generic_baseblocks_v2_1_0_mux_enc__parameterized0' (7#1) [c:/EAAES/assignments/pwm_generation/pwm_generation.srcs/sources_1/bd/pwm_generator_system/ipshared/7ee0/hdl/generic_baseblocks_v2_1_vl_rfs.v:2452]
INFO: [Synth 8-638] synthesizing module 'generic_baseblocks_v2_1_0_mux_enc__parameterized1' [c:/EAAES/assignments/pwm_generation/pwm_generation.srcs/sources_1/bd/pwm_generator_system/ipshared/7ee0/hdl/generic_baseblocks_v2_1_vl_rfs.v:2452]
INFO: [Synth 8-256] done synthesizing module 'generic_baseblocks_v2_1_0_mux_enc__parameterized1' (7#1) [c:/EAAES/assignments/pwm_generation/pwm_generation.srcs/sources_1/bd/pwm_generator_system/ipshared/7ee0/hdl/generic_baseblocks_v2_1_vl_rfs.v:2452]
INFO: [Synth 8-638] synthesizing module 'generic_baseblocks_v2_1_0_mux_enc__parameterized2' [c:/EAAES/assignments/pwm_generation/pwm_generation.srcs/sources_1/bd/pwm_generator_system/ipshared/7ee0/hdl/generic_baseblocks_v2_1_vl_rfs.v:2452]
INFO: [Synth 8-256] done synthesizing module 'generic_baseblocks_v2_1_0_mux_enc__parameterized2' (7#1) [c:/EAAES/assignments/pwm_generation/pwm_generation.srcs/sources_1/bd/pwm_generator_system/ipshared/7ee0/hdl/generic_baseblocks_v2_1_vl_rfs.v:2452]
INFO: [Synth 8-638] synthesizing module 'axi_register_slice_v2_1_11_axic_register_slice' [c:/EAAES/assignments/pwm_generation/pwm_generation.srcs/sources_1/bd/pwm_generator_system/ipshared/0b6b/hdl/axi_register_slice_v2_1_vl_rfs.v:85]
INFO: [Synth 8-256] done synthesizing module 'axi_register_slice_v2_1_11_axic_register_slice' (8#1) [c:/EAAES/assignments/pwm_generation/pwm_generation.srcs/sources_1/bd/pwm_generator_system/ipshared/0b6b/hdl/axi_register_slice_v2_1_vl_rfs.v:85]
INFO: [Synth 8-638] synthesizing module 'generic_baseblocks_v2_1_0_mux_enc__parameterized3' [c:/EAAES/assignments/pwm_generation/pwm_generation.srcs/sources_1/bd/pwm_generator_system/ipshared/7ee0/hdl/generic_baseblocks_v2_1_vl_rfs.v:2452]
INFO: [Synth 8-256] done synthesizing module 'generic_baseblocks_v2_1_0_mux_enc__parameterized3' (8#1) [c:/EAAES/assignments/pwm_generation/pwm_generation.srcs/sources_1/bd/pwm_generator_system/ipshared/7ee0/hdl/generic_baseblocks_v2_1_vl_rfs.v:2452]
INFO: [Synth 8-256] done synthesizing module 'axi_crossbar_v2_1_12_crossbar_sasd' (9#1) [c:/EAAES/assignments/pwm_generation/pwm_generation.srcs/sources_1/bd/pwm_generator_system/ipshared/896d/hdl/axi_crossbar_v2_1_vl_rfs.v:1240]
INFO: [Synth 8-256] done synthesizing module 'axi_crossbar_v2_1_12_axi_crossbar' (10#1) [c:/EAAES/assignments/pwm_generation/pwm_generation.srcs/sources_1/bd/pwm_generator_system/ipshared/896d/hdl/axi_crossbar_v2_1_vl_rfs.v:4882]
INFO: [Synth 8-256] done synthesizing module 'pwm_generator_system_xbar_1' (11#1) [c:/EAAES/assignments/pwm_generation/pwm_generation.srcs/sources_1/bd/pwm_generator_system/ip/pwm_generator_system_xbar_1/synth/pwm_generator_system_xbar_1.v:59]
Finished RTL Elaboration : Time (s): cpu = 00:00:16 ; elapsed = 00:00:24 . Memory (MB): peak = 427.332 ; gain = 217.598
Finished RTL Optimization Phase 1 : Time (s): cpu = 00:00:16 ; elapsed = 00:00:25 . Memory (MB): peak = 427.332 ; gain = 217.598
INFO: [Device 21-403] Loading part xc7z010clg400-1
Constraint Validation Runtime : Time (s): cpu = 00:00:00 ; elapsed = 00:00:00.252 . Memory (MB): peak = 653.258 ; gain = 0.000
Finished Constraint Validation : Time (s): cpu = 00:00:26 ; elapsed = 00:00:37 . Memory (MB): peak = 653.258 ; gain = 443.523
Finished Loading Part and Timing Information : Time (s): cpu = 00:00:26 ; elapsed = 00:00:37 . Memory (MB): peak = 653.258 ; gain = 443.523
Finished applying 'set_property' XDC Constraints : Time (s): cpu = 00:00:27 ; elapsed = 00:00:37 . Memory (MB): peak = 653.258 ; gain = 443.523
Finished RTL Optimization Phase 2 : Time (s): cpu = 00:00:27 ; elapsed = 00:00:37 . Memory (MB): peak = 653.258 ; gain = 443.523
Finished Cross Boundary and Area Optimization : Time (s): cpu = 00:00:28 ; elapsed = 00:00:38 . Memory (MB): peak = 653.258 ; gain = 443.523
Finished Applying XDC Timing Constraints : Time (s): cpu = 00:00:39 ; elapsed = 00:00:49 . Memory (MB): peak = 653.258 ; gain = 443.523
Finished Timing Optimization : Time (s): cpu = 00:00:39 ; elapsed = 00:00:50 . Memory (MB): peak = 653.258 ; gain = 443.523
Finished Technology Mapping : Time (s): cpu = 00:00:39 ; elapsed = 00:00:50 . Memory (MB): peak = 653.258 ; gain = 443.523
Finished IO Insertion : Time (s): cpu = 00:00:40 ; elapsed = 00:00:51 . Memory (MB): peak = 653.258 ; gain = 443.523
Finished Renaming Generated Instances : Time (s): cpu = 00:00:40 ; elapsed = 00:00:51 . Memory (MB): peak = 653.258 ; gain = 443.523
Finished Rebuilding User Hierarchy : Time (s): cpu = 00:00:40 ; elapsed = 00:00:51 . Memory (MB): peak = 653.258 ; gain = 443.523
Finished Renaming Generated Ports : Time (s): cpu = 00:00:40 ; elapsed = 00:00:51 . Memory (MB): peak = 653.258 ; gain = 443.523
Finished Handling Custom Attributes : Time (s): cpu = 00:00:40 ; elapsed = 00:00:51 . Memory (MB): peak = 653.258 ; gain = 443.523
Finished Renaming Generated Nets : Time (s): cpu = 00:00:40 ; elapsed = 00:00:51 . Memory (MB): peak = 653.258 ; gain = 443.523

Report Cell Usage: 
+------+-----+------+
|      |Cell |Count |
+------+-----+------+
|1     |LUT1 |     3|
|2     |LUT2 |    13|
|3     |LUT3 |     6|
|4     |LUT4 |    79|
|5     |LUT5 |    11|
|6     |LUT6 |    55|
|7     |FDRE |   129|
+------+-----+------+
Finished Writing Synthesis Report : Time (s): cpu = 00:00:40 ; elapsed = 00:00:51 . Memory (MB): peak = 653.258 ; gain = 443.523
synth_design: Time (s): cpu = 00:00:38 ; elapsed = 00:00:42 . Memory (MB): peak = 653.258 ; gain = 425.270
